
-----
mkdir -p PLOTTY_WORKAROUND; timedrun; MMTK_PLAN=GenImmix MMTK_MAX_NURSERY=33554432 MMTK_MIN_NURSERY=33554432 /home/claireh/running-ng/builds/build_no_barrier/linux-x86_64-normal-server-release/jdk/bin/java -XX:MetaspaceSize=500M -XX:+DisableExplicitGC -server -XX:-TieredCompilation -Xcomp -XX:+UseThirdPartyHeap -Djava.library.path=/home/claireh/probes -Dprobes=RustMMTk -Xms7458M -Xmx7458M -cp /usr/share/benchmarks/dacapo/dacapo-evaluation-git-f480064.jar:/home/claireh/probes:/home/claireh/probes/probes.jar Harness -c probe.DacapoChopinCallback -n 5 -s default h2
Mon  7 Feb 22:10:47 AEDT 2022

 22:10:47 up 7 days,  8:57,  4 users,  load average: 0.97, 0.64, 0.26
USER     TTY      FROM             LOGIN@   IDLE   JCPU   PCPU WHAT
claireh  pts/5    tmux(2375).%0    31Jan22  1:59   0.16s  0.16s -bash
claireh  pts/7    tmux(2375).%1    31Jan22  7days  0.01s  0.01s -bash
claireh  pts/10   tmux(2375).%2    31Jan22  7days  0.01s  0.01s -bash
claireh  pts/6    tmux(2375).%3    01Feb22  2.00s  0.24s  0.00s /bin/sh -c w

procs -----------memory---------- ---swap-- -----io---- -system-- ------cpu-----
 r  b   swpd   free   buff  cache   si   so    bi    bo   in   cs us sy id wa st
 0  0  16728 1844532 3361076 10608204    0    0    30    45    3    6 19  0 81  0  0
 0  0  16728 1844304 3361076 10608224    0    0     0     0  269  254  0  0 100  0  0

top - 22:10:48 up 7 days,  8:57,  4 users,  load average: 0.89, 0.63, 0.26
Tasks: 164 total,   1 running,  98 sleeping,   0 stopped,   0 zombie
%Cpu(s): 18.5 us,  0.4 sy,  0.1 ni, 80.9 id,  0.1 wa,  0.0 hi,  0.1 si,  0.0 st
KiB Mem : 16276412 total,  1843720 free,   463272 used, 13969420 buff/cache
KiB Swap: 33554428 total, 33537700 free,    16728 used. 15458964 avail Mem 

  PID USER      PR  NI    VIRT    RES    SHR S  %CPU %MEM     TIME+ COMMAND
    1 root      20   0  225268   6984   5400 S   0.0  0.0   0:06.59 /sbin/init
    2 root      20   0       0      0      0 S   0.0  0.0   0:00.01 [kthreadd]
    3 root       0 -20       0      0      0 I   0.0  0.0   0:00.00 [rcu_gp]
    4 root       0 -20       0      0      0 I   0.0  0.0   0:00.00 [rcu_par_gp]
    6 root       0 -20       0      0      0 I   0.0  0.0   0:00.00 [kworker/0:0H-kb]

Environment variables: 
	BROWSER=/home/claireh/.vscode-server/bin/899d46d82c4c95423fb7e10e68eba52050e30ba3/bin/helpers/browser.sh
	COLORTERM=truecolor
	DBUS_SESSION_BUS_ADDRESS=unix:path=/run/user/1239/bus
	GIT_ASKPASS=/home/claireh/.vscode-server/bin/899d46d82c4c95423fb7e10e68eba52050e30ba3/extensions/git/dist/askpass.sh
	HOME=/home/claireh
	LANG=en_AU.UTF-8
	LANGUAGE=en_AU:en
	LOGNAME=claireh
	MAIL=/var/mail/claireh
	OLDPWD=/home/claireh/probes
	PATH=/home/claireh/.vscode-server/bin/899d46d82c4c95423fb7e10e68eba52050e30ba3/bin:/home/claireh/.vscode-server/bin/899d46d82c4c95423fb7e10e68eba52050e30ba3/bin:/opt/apache-ant-1.9.16/bin:/usr/local/sbin:/usr/local/bin:/usr/sbin:/usr/bin:/sbin:/bin:/usr/games:/usr/local/games:/snap/bin:/home/claireh/.local/bin:/home/claireh/.dotnet/tools:/home/claireh/.local/bin:/home/claireh/.local/bin:/home/claireh/.dotnet/tools:/home/claireh/.local/bin
	PWD=/home/claireh
	SHELL=/bin/bash
	SHLVL=6
	SSH_CLIENT=10.0.0.2 38256 22
	SSH_CONNECTION=10.0.0.2 39306 10.0.0.50 22
	SSH_ORIGINAL_COMMAND=bash
	TERM=screen
	TERM_PROGRAM=vscode
	TERM_PROGRAM_VERSION=1.63.2
	TMUX=/tmp/tmux-1239/default,2375,3
	TMUX_PANE=%3
	USER=claireh
	VSCODE_GIT_ASKPASS_EXTRA_ARGS=
	VSCODE_GIT_ASKPASS_MAIN=/home/claireh/.vscode-server/bin/899d46d82c4c95423fb7e10e68eba52050e30ba3/extensions/git/dist/askpass-main.js
	VSCODE_GIT_ASKPASS_NODE=/home/claireh/.vscode-server/bin/899d46d82c4c95423fb7e10e68eba52050e30ba3/node
	VSCODE_GIT_IPC_HANDLE=/run/user/1239/vscode-git-0611529cfc.sock
	VSCODE_IPC_HOOK_CLI=/run/user/1239/vscode-ipc-280ccd14-5d99-4bc6-9123-ec0c2c38b8b1.sock
	XDG_RUNTIME_DIR=/run/user/1239
	XDG_SESSION_ID=2
	_=/home/claireh/.local/bin/running
OS: Linux fisher 5.4.0-96-generic #109~18.04.1-Ubuntu SMP Thu Jan 13 15:06:26 UTC 2022 x86_64 x86_64 x86_64 GNU/Linux
CPU: model name	: Intel(R) Core(TM) i7-6700K CPU @ 4.00GHz
number of cores: 8
Frequency of cpu 0: 4.00 GHz
Governor of cpu 0: performance
Scaling_min_freq of cpu 0: 0.80 GHz
Frequency of cpu 1: 4.00 GHz
Governor of cpu 1: performance
Scaling_min_freq of cpu 1: 0.80 GHz
Frequency of cpu 2: 4.00 GHz
Governor of cpu 2: performance
Scaling_min_freq of cpu 2: 0.80 GHz
Frequency of cpu 3: 4.00 GHz
Governor of cpu 3: performance
Scaling_min_freq of cpu 3: 0.80 GHz
Frequency of cpu 4: 4.00 GHz
Governor of cpu 4: performance
Scaling_min_freq of cpu 4: 0.80 GHz
Frequency of cpu 5: 4.00 GHz
Governor of cpu 5: performance
Scaling_min_freq of cpu 5: 0.80 GHz
Frequency of cpu 6: 4.00 GHz
Governor of cpu 6: performance
Scaling_min_freq of cpu 6: 0.80 GHz
Frequency of cpu 7: 4.00 GHz
Governor of cpu 7: performance
Scaling_min_freq of cpu 7: 0.80 GHz
