
-----
mkdir -p PLOTTY_WORKAROUND; timedrun; MMTK_PLAN=GenImmix MMTK_MAX_NURSERY=33554432 MMTK_MIN_NURSERY=33554432 /home/claireh/running-ng/field-builds/field-no-bar/linux-x86_64-normal-server-release/jdk/bin/java -XX:MetaspaceSize=500M -XX:+DisableExplicitGC -server -XX:-TieredCompilation -Xcomp -XX:+UseThirdPartyHeap -Djava.library.path=/home/claireh/probes -Dprobes=RustMMTk -Xms48M -Xmx48M -cp /usr/share/benchmarks/dacapo/dacapo-evaluation-git-f480064.jar:/home/claireh/probes:/home/claireh/probes/probes.jar Harness -c probe.DacapoChopinCallback -n 5 -s default avrora
Thu 10 Feb 20:40:15 AEDT 2022

 20:40:15 up 14 days,  3:19,  1 user,  load average: 0.01, 0.17, 0.17
USER     TTY      FROM             LOGIN@   IDLE   JCPU   PCPU WHAT
claireh  pts/0    tmux(31781).%0   Sat22    1.00s  0.47s  0.00s /bin/sh -c w

procs -----------memory---------- ---swap-- -----io---- -system-- ------cpu-----
 r  b   swpd   free   buff  cache   si   so    bi    bo   in   cs us sy id wa st
 0  0   5900 1072784 1739608 13000640    0    0     1    11    1    1 10  0 90  0  0
 0  0   5900 1072496 1739608 13000640    0    0     0     0  601 2817  0  0 99  0  0

top - 20:40:16 up 14 days,  3:19,  1 user,  load average: 0.01, 0.17, 0.17
Tasks: 225 total,   1 running, 127 sleeping,   0 stopped,   0 zombie
%Cpu(s):  9.6 us,  0.1 sy,  0.0 ni, 90.2 id,  0.0 wa,  0.0 hi,  0.1 si,  0.0 st
KiB Mem : 16286352 total,  1072408 free,   473696 used, 14740248 buff/cache
KiB Swap: 33554428 total, 33548528 free,     5900 used. 15304888 avail Mem 

  PID USER      PR  NI    VIRT    RES    SHR S  %CPU %MEM     TIME+ COMMAND
29698 claireh   20   0   41812   3840   3224 R   6.2  0.0   0:00.01 top -bcn 1 -w512
    1 root      20   0  225064   8720   6596 S   0.0  0.1   0:34.86 /sbin/init
    2 root      20   0       0      0      0 S   0.0  0.0   0:00.20 [kthreadd]
    3 root       0 -20       0      0      0 I   0.0  0.0   0:00.00 [rcu_gp]
    4 root       0 -20       0      0      0 I   0.0  0.0   0:00.00 [rcu_par_gp]

Environment variables: 
	BROWSER=/home/claireh/.vscode-server/bin/899d46d82c4c95423fb7e10e68eba52050e30ba3/bin/helpers/browser.sh
	COLORTERM=truecolor
	DBUS_SESSION_BUS_ADDRESS=unix:path=/run/user/1239/bus
	GIT_ASKPASS=/home/claireh/.vscode-server/bin/899d46d82c4c95423fb7e10e68eba52050e30ba3/extensions/git/dist/askpass.sh
	HOME=/home/claireh
	LANG=en_AU.UTF-8
	LANGUAGE=en_AU:en
	LOGNAME=claireh
	MAIL=/var/mail/claireh
	OLDPWD=/home/claireh
	PATH=/home/claireh/.vscode-server/bin/899d46d82c4c95423fb7e10e68eba52050e30ba3/bin:/home/claireh/.vscode-server/bin/899d46d82c4c95423fb7e10e68eba52050e30ba3/bin:/opt/apache-ant-1.9.16/bin:/usr/local/sbin:/usr/local/bin:/usr/sbin:/usr/bin:/sbin:/bin:/usr/games:/usr/local/games:/snap/bin:/home/claireh/.local/bin:/home/claireh/.dotnet/tools:/home/claireh/.local/bin:/home/claireh/.local/bin:/home/claireh/.dotnet/tools:/home/claireh/.local/bin
	PWD=/home/claireh/running-ng
	SHELL=/bin/bash
	SHLVL=6
	SSH_CLIENT=10.0.0.2 34934 22
	SSH_CONNECTION=10.0.0.2 34934 10.0.0.27 22
	SSH_ORIGINAL_COMMAND=bash
	TERM=screen
	TERM_PROGRAM=vscode
	TERM_PROGRAM_VERSION=1.63.2
	TMUX=/tmp/tmux-1239/default,31781,0
	TMUX_PANE=%0
	USER=claireh
	VSCODE_GIT_ASKPASS_EXTRA_ARGS=
	VSCODE_GIT_ASKPASS_MAIN=/home/claireh/.vscode-server/bin/899d46d82c4c95423fb7e10e68eba52050e30ba3/extensions/git/dist/askpass-main.js
	VSCODE_GIT_ASKPASS_NODE=/home/claireh/.vscode-server/bin/899d46d82c4c95423fb7e10e68eba52050e30ba3/node
	VSCODE_GIT_IPC_HANDLE=/run/user/1239/vscode-git-2d0dc678fc.sock
	VSCODE_IPC_HOOK_CLI=/run/user/1239/vscode-ipc-a29797ab-69d1-41e8-b7a6-5dabfa755e46.sock
	XDG_RUNTIME_DIR=/run/user/1239
	XDG_SESSION_ID=2891
	_=/home/claireh/.local/bin/running
OS: Linux mole 5.4.0-96-generic #109~18.04.1-Ubuntu SMP Thu Jan 13 15:06:26 UTC 2022 x86_64 x86_64 x86_64 GNU/Linux
CPU: model name	: Intel(R) Xeon(R) CPU D-1540 @ 2.00GHz
number of cores: 16
Frequency of cpu 0: 1.41 GHz
Governor of cpu 0: performance
Scaling_min_freq of cpu 0: 0.80 GHz
Frequency of cpu 1: 2.00 GHz
Governor of cpu 1: performance
Scaling_min_freq of cpu 1: 0.80 GHz
Frequency of cpu 2: 2.01 GHz
Governor of cpu 2: performance
Scaling_min_freq of cpu 2: 0.80 GHz
Frequency of cpu 3: 2.00 GHz
Governor of cpu 3: performance
Scaling_min_freq of cpu 3: 0.80 GHz
Frequency of cpu 4: 2.00 GHz
Governor of cpu 4: performance
Scaling_min_freq of cpu 4: 0.80 GHz
Frequency of cpu 5: 2.00 GHz
Governor of cpu 5: performance
Scaling_min_freq of cpu 5: 0.80 GHz
Frequency of cpu 6: 2.00 GHz
Governor of cpu 6: performance
Scaling_min_freq of cpu 6: 0.80 GHz
Frequency of cpu 7: 2.00 GHz
Governor of cpu 7: performance
Scaling_min_freq of cpu 7: 0.80 GHz
Frequency of cpu 8: 2.00 GHz
Governor of cpu 8: performance
Scaling_min_freq of cpu 8: 0.80 GHz
Frequency of cpu 9: 2.00 GHz
Governor of cpu 9: performance
Scaling_min_freq of cpu 9: 0.80 GHz
Frequency of cpu 10: 2.00 GHz
Governor of cpu 10: performance
Scaling_min_freq of cpu 10: 0.80 GHz
Frequency of cpu 11: 2.00 GHz
Governor of cpu 11: performance
Scaling_min_freq of cpu 11: 0.80 GHz
Frequency of cpu 12: 2.00 GHz
Governor of cpu 12: performance
Scaling_min_freq of cpu 12: 0.80 GHz
Frequency of cpu 13: 2.00 GHz
Governor of cpu 13: performance
Scaling_min_freq of cpu 13: 0.80 GHz
Frequency of cpu 14: 2.00 GHz
Governor of cpu 14: performance
Scaling_min_freq of cpu 14: 0.80 GHz
Frequency of cpu 15: 2.00 GHz
Governor of cpu 15: performance
Scaling_min_freq of cpu 15: 0.80 GHz
barrier: NoBarrier
--------------------------------------------------------------------------------
IMPORTANT NOTICE:  This is NOT a release build of the DaCapo suite.
Since it is not an official release of the DaCapo suite, care must be taken when
using the suite, and any use of the build must be sure to note that it is not an
offical release, and should note the relevant git hash.

Feedback is greatly appreciated.   The preferred mode of feedback is via github.
Please use our github page to create an issue or a pull request.
    https://github.com/dacapobench/dacapobench.
--------------------------------------------------------------------------------

===== DaCapo evaluation-git-f480064 avrora starting warmup 1 =====
===== DaCapo evaluation-git-f480064 avrora completed warmup 1 in 12586 msec =====
===== DaCapo evaluation-git-f480064 avrora starting warmup 2 =====
===== DaCapo evaluation-git-f480064 avrora completed warmup 2 in 8560 msec =====
===== DaCapo evaluation-git-f480064 avrora starting warmup 3 =====
===== DaCapo evaluation-git-f480064 avrora completed warmup 3 in 8328 msec =====
===== DaCapo evaluation-git-f480064 avrora starting warmup 4 =====
===== DaCapo evaluation-git-f480064 avrora completed warmup 4 in 8390 msec =====
===== DaCapo evaluation-git-f480064 avrora starting =====
============================ MMTk Statistics Totals ============================
GC	time.other	time.stw	total-work.time.min	total-work.time.total	total-work.time.max	total-work.count	
9	8246.66	57.50	inf	0.00	-inf	0	
Total time: 8304.16 ms
------------------------------ End MMTk Statistics -----------------------------
===== DaCapo evaluation-git-f480064 avrora PASSED in 8304 msec =====
