
-----
mkdir -p PLOTTY_WORKAROUND; timedrun; MMTK_PLAN=Shenandoah /home/claireh/mmtk-openjdk/repos/openjdk/build/linux-x86_64-normal-server-release/jdk/bin/java -XX:MetaspaceSize=500M -XX:+DisableExplicitGC -server -XX:-TieredCompilation -Xcomp -XX:+UseThirdPartyHeap -Djava.library.path=/home/claireh/probes -Dprobes=RustMMTk -Xms5M -Xmx5M -cp /usr/share/benchmarks/dacapo/dacapo-evaluation-git-29a657f.jar:/home/claireh/probes:/home/claireh/probes/probes.jar Harness -c probe.DacapoChopinCallback -n 5 -s default avrora
Fri  7 Jan 15:09:58 AEDT 2022

 15:09:58 up  2:45,  1 user,  load average: 0.20, 0.05, 0.01
USER     TTY      FROM             LOGIN@   IDLE   JCPU   PCPU WHAT
claireh  pts/1    tmux(3303).%0    15:07    8.00s  0.26s  0.00s /bin/sh -c w

procs -----------memory---------- ---swap-- -----io---- -system-- ------cpu-----
 r  b   swpd   free   buff  cache   si   so    bi    bo   in   cs us sy id wa st
 0  0      0 15427132 145200 419480    0    0     4     0    3    7  0  0 100  0  0
 0  0      0 15427560 145200 419520    0    0     0     0  155  114  0  0 100  0  0

top - 15:09:59 up  2:45,  1 user,  load average: 0.20, 0.05, 0.01
Tasks: 159 total,   1 running,  93 sleeping,   0 stopped,   0 zombie
%Cpu(s):  0.0 us,  0.0 sy,  0.0 ni, 99.9 id,  0.1 wa,  0.0 hi,  0.0 si,  0.0 st
KiB Mem : 16280872 total, 15426780 free,   289372 used,   564720 buff/cache
KiB Swap: 33554428 total, 33554428 free,        0 used. 15640456 avail Mem 

  PID USER      PR  NI    VIRT    RES    SHR S  %CPU %MEM     TIME+ COMMAND
    1 root      20   0   77676   8724   6592 S   0.0  0.1   0:00.85 /sbin/init
    2 root      20   0       0      0      0 S   0.0  0.0   0:00.00 [kthreadd]
    3 root       0 -20       0      0      0 I   0.0  0.0   0:00.00 [rcu_gp]
    4 root       0 -20       0      0      0 I   0.0  0.0   0:00.00 [rcu_par_gp]
    6 root       0 -20       0      0      0 I   0.0  0.0   0:00.00 [kworker/0:0H]

Environment variables: 
	BROWSER=/home/claireh/.vscode-server/bin/899d46d82c4c95423fb7e10e68eba52050e30ba3/bin/helpers/browser.sh
	COLORTERM=truecolor
	DBUS_SESSION_BUS_ADDRESS=unix:path=/run/user/1239/bus
	GIT_ASKPASS=/home/claireh/.vscode-server/bin/899d46d82c4c95423fb7e10e68eba52050e30ba3/extensions/git/dist/askpass.sh
	HOME=/home/claireh
	LANG=en_AU.UTF-8
	LANGUAGE=en_AU:en
	LOGNAME=claireh
	MAIL=/var/mail/claireh
	OLDPWD=/home/claireh
	PATH=/home/claireh/.vscode-server/bin/899d46d82c4c95423fb7e10e68eba52050e30ba3/bin:/home/claireh/.vscode-server/bin/899d46d82c4c95423fb7e10e68eba52050e30ba3/bin:/opt/apache-ant-1.9.16/bin:/usr/local/sbin:/usr/local/bin:/usr/sbin:/usr/bin:/sbin:/bin:/usr/games:/usr/local/games:/snap/bin:/home/claireh/.local/bin:/home/claireh/.dotnet/tools:/home/claireh/.local/bin:/home/claireh/.local/bin:/home/claireh/.dotnet/tools:/home/claireh/.local/bin
	PWD=/home/claireh/running-ng
	SHELL=/bin/bash
	SHLVL=6
	SSH_CLIENT=10.0.0.2 32928 22
	SSH_CONNECTION=10.0.0.2 32928 10.0.0.50 22
	SSH_ORIGINAL_COMMAND=bash
	TERM=screen
	TERM_PROGRAM=vscode
	TERM_PROGRAM_VERSION=1.63.2
	TMUX=/tmp/tmux-1239/default,3303,0
	TMUX_PANE=%0
	USER=claireh
	VSCODE_GIT_ASKPASS_EXTRA_ARGS=
	VSCODE_GIT_ASKPASS_MAIN=/home/claireh/.vscode-server/bin/899d46d82c4c95423fb7e10e68eba52050e30ba3/extensions/git/dist/askpass-main.js
	VSCODE_GIT_ASKPASS_NODE=/home/claireh/.vscode-server/bin/899d46d82c4c95423fb7e10e68eba52050e30ba3/node
	VSCODE_GIT_IPC_HANDLE=/run/user/1239/vscode-git-ac8fcb59c9.sock
	VSCODE_IPC_HOOK_CLI=/run/user/1239/vscode-ipc-de024d65-551e-4313-998b-96bd3e9806ff.sock
	XDG_RUNTIME_DIR=/run/user/1239
	XDG_SESSION_ID=9
	_=/home/claireh/.local/bin/running
OS: Linux fisher 5.4.0-91-generic #102~18.04.1-Ubuntu SMP Thu Nov 11 14:46:36 UTC 2021 x86_64 x86_64 x86_64 GNU/Linux
CPU: model name	: Intel(R) Core(TM) i7-6700K CPU @ 4.00GHz
number of cores: 8
Frequency of cpu 0: 4.00 GHz
Governor of cpu 0: performance
Scaling_min_freq of cpu 0: 0.80 GHz
Frequency of cpu 1: 4.00 GHz
Governor of cpu 1: performance
Scaling_min_freq of cpu 1: 0.80 GHz
Frequency of cpu 2: 4.00 GHz
Governor of cpu 2: performance
Scaling_min_freq of cpu 2: 0.80 GHz
Frequency of cpu 3: 4.00 GHz
Governor of cpu 3: performance
Scaling_min_freq of cpu 3: 0.80 GHz
Frequency of cpu 4: 4.00 GHz
Governor of cpu 4: performance
Scaling_min_freq of cpu 4: 0.80 GHz
Frequency of cpu 5: 4.00 GHz
Governor of cpu 5: performance
Scaling_min_freq of cpu 5: 0.80 GHz
Frequency of cpu 6: 4.00 GHz
Governor of cpu 6: performance
Scaling_min_freq of cpu 6: 0.80 GHz
Frequency of cpu 7: 4.00 GHz
Governor of cpu 7: performance
Scaling_min_freq of cpu 7: 0.80 GHz
Warn: unable to set plan="Shenandoah". Cant parse value. Default value will be used.
thread '<unnamed>' panicked at 'internal error: entered unreachable code: GC triggered in nogc', /home/claireh/mmtk-openjdk/repos/mmtk-core/src/plan/nogc/global.rs:90:9
note: run with `RUST_BACKTRACE=1` environment variable to display a backtrace
fatal runtime error: failed to initiate panic, error 5

-----
mkdir -p PLOTTY_WORKAROUND; timedrun; MMTK_PLAN=Shenandoah /home/claireh/mmtk-openjdk/repos/openjdk/build/linux-x86_64-normal-server-release/jdk/bin/java -XX:MetaspaceSize=500M -XX:+DisableExplicitGC -server -XX:-TieredCompilation -Xcomp -XX:+UseThirdPartyHeap -Djava.library.path=/home/claireh/probes -Dprobes=RustMMTk -Xms5M -Xmx5M -cp /usr/share/benchmarks/dacapo/dacapo-evaluation-git-29a657f.jar:/home/claireh/probes:/home/claireh/probes/probes.jar Harness -c probe.DacapoChopinCallback -n 5 -s default avrora
Fri  7 Jan 15:10:08 AEDT 2022

 15:10:08 up  2:45,  1 user,  load average: 0.32, 0.08, 0.02
USER     TTY      FROM             LOGIN@   IDLE   JCPU   PCPU WHAT
claireh  pts/1    tmux(3303).%0    15:07   18.00s  0.29s  0.00s /bin/sh -c w

procs -----------memory---------- ---swap-- -----io---- -system-- ------cpu-----
 r  b   swpd   free   buff  cache   si   so    bi    bo   in   cs us sy id wa st
 0  0      0 15426348 145216 419668    0    0     4     0    4    7  0  0 100  0  0
 0  0      0 15426548 145216 419672    0    0     0     0  187  136  0  0 100  0  0

top - 15:10:09 up  2:46,  1 user,  load average: 0.32, 0.08, 0.02
Tasks: 158 total,   2 running,  92 sleeping,   0 stopped,   0 zombie
%Cpu(s):  0.0 us,  0.0 sy,  0.0 ni, 99.9 id,  0.1 wa,  0.0 hi,  0.0 si,  0.0 st
KiB Mem : 16280872 total, 15426524 free,   289460 used,   564888 buff/cache
KiB Swap: 33554428 total, 33554428 free,        0 used. 15640368 avail Mem 

  PID USER      PR  NI    VIRT    RES    SHR S  %CPU %MEM     TIME+ COMMAND
    1 root      20   0   77676   8724   6592 S   0.0  0.1   0:00.85 /sbin/init
    2 root      20   0       0      0      0 S   0.0  0.0   0:00.00 [kthreadd]
    3 root       0 -20       0      0      0 I   0.0  0.0   0:00.00 [rcu_gp]
    4 root       0 -20       0      0      0 I   0.0  0.0   0:00.00 [rcu_par_gp]
    6 root       0 -20       0      0      0 I   0.0  0.0   0:00.00 [kworker/0:0H]

Environment variables: 
	BROWSER=/home/claireh/.vscode-server/bin/899d46d82c4c95423fb7e10e68eba52050e30ba3/bin/helpers/browser.sh
	COLORTERM=truecolor
	DBUS_SESSION_BUS_ADDRESS=unix:path=/run/user/1239/bus
	GIT_ASKPASS=/home/claireh/.vscode-server/bin/899d46d82c4c95423fb7e10e68eba52050e30ba3/extensions/git/dist/askpass.sh
	HOME=/home/claireh
	LANG=en_AU.UTF-8
	LANGUAGE=en_AU:en
	LOGNAME=claireh
	MAIL=/var/mail/claireh
	OLDPWD=/home/claireh
	PATH=/home/claireh/.vscode-server/bin/899d46d82c4c95423fb7e10e68eba52050e30ba3/bin:/home/claireh/.vscode-server/bin/899d46d82c4c95423fb7e10e68eba52050e30ba3/bin:/opt/apache-ant-1.9.16/bin:/usr/local/sbin:/usr/local/bin:/usr/sbin:/usr/bin:/sbin:/bin:/usr/games:/usr/local/games:/snap/bin:/home/claireh/.local/bin:/home/claireh/.dotnet/tools:/home/claireh/.local/bin:/home/claireh/.local/bin:/home/claireh/.dotnet/tools:/home/claireh/.local/bin
	PWD=/home/claireh/running-ng
	SHELL=/bin/bash
	SHLVL=6
	SSH_CLIENT=10.0.0.2 32928 22
	SSH_CONNECTION=10.0.0.2 32928 10.0.0.50 22
	SSH_ORIGINAL_COMMAND=bash
	TERM=screen
	TERM_PROGRAM=vscode
	TERM_PROGRAM_VERSION=1.63.2
	TMUX=/tmp/tmux-1239/default,3303,0
	TMUX_PANE=%0
	USER=claireh
	VSCODE_GIT_ASKPASS_EXTRA_ARGS=
	VSCODE_GIT_ASKPASS_MAIN=/home/claireh/.vscode-server/bin/899d46d82c4c95423fb7e10e68eba52050e30ba3/extensions/git/dist/askpass-main.js
	VSCODE_GIT_ASKPASS_NODE=/home/claireh/.vscode-server/bin/899d46d82c4c95423fb7e10e68eba52050e30ba3/node
	VSCODE_GIT_IPC_HANDLE=/run/user/1239/vscode-git-ac8fcb59c9.sock
	VSCODE_IPC_HOOK_CLI=/run/user/1239/vscode-ipc-de024d65-551e-4313-998b-96bd3e9806ff.sock
	XDG_RUNTIME_DIR=/run/user/1239
	XDG_SESSION_ID=9
	_=/home/claireh/.local/bin/running
OS: Linux fisher 5.4.0-91-generic #102~18.04.1-Ubuntu SMP Thu Nov 11 14:46:36 UTC 2021 x86_64 x86_64 x86_64 GNU/Linux
CPU: model name	: Intel(R) Core(TM) i7-6700K CPU @ 4.00GHz
number of cores: 8
Frequency of cpu 0: 4.00 GHz
Governor of cpu 0: performance
Scaling_min_freq of cpu 0: 0.80 GHz
Frequency of cpu 1: 4.00 GHz
Governor of cpu 1: performance
Scaling_min_freq of cpu 1: 0.80 GHz
Frequency of cpu 2: 4.00 GHz
Governor of cpu 2: performance
Scaling_min_freq of cpu 2: 0.80 GHz
Frequency of cpu 3: 4.00 GHz
Governor of cpu 3: performance
Scaling_min_freq of cpu 3: 0.80 GHz
Frequency of cpu 4: 4.00 GHz
Governor of cpu 4: performance
Scaling_min_freq of cpu 4: 0.80 GHz
Frequency of cpu 5: 4.00 GHz
Governor of cpu 5: performance
Scaling_min_freq of cpu 5: 0.80 GHz
Frequency of cpu 6: 4.00 GHz
Governor of cpu 6: performance
Scaling_min_freq of cpu 6: 0.80 GHz
Frequency of cpu 7: 4.00 GHz
Governor of cpu 7: performance
Scaling_min_freq of cpu 7: 0.80 GHz
Warn: unable to set plan="Shenandoah". Cant parse value. Default value will be used.
thread '<unnamed>' panicked at 'internal error: entered unreachable code: GC triggered in nogc', /home/claireh/mmtk-openjdk/repos/mmtk-core/src/plan/nogc/global.rs:90:9
note: run with `RUST_BACKTRACE=1` environment variable to display a backtrace
fatal runtime error: failed to initiate panic, error 5

-----
mkdir -p PLOTTY_WORKAROUND; timedrun; MMTK_PLAN=Shenandoah /home/claireh/mmtk-openjdk/repos/openjdk/build/linux-x86_64-normal-server-release/jdk/bin/java -XX:MetaspaceSize=500M -XX:+DisableExplicitGC -server -XX:-TieredCompilation -Xcomp -XX:+UseThirdPartyHeap -Djava.library.path=/home/claireh/probes -Dprobes=RustMMTk -Xms5M -Xmx5M -cp /usr/share/benchmarks/dacapo/dacapo-evaluation-git-29a657f.jar:/home/claireh/probes:/home/claireh/probes/probes.jar Harness -c probe.DacapoChopinCallback -n 5 -s default avrora
Fri  7 Jan 15:10:18 AEDT 2022

 15:10:18 up  2:46,  1 user,  load average: 0.43, 0.11, 0.04
USER     TTY      FROM             LOGIN@   IDLE   JCPU   PCPU WHAT
claireh  pts/1    tmux(3303).%0    15:07   28.00s  0.33s  0.00s /bin/sh -c w

procs -----------memory---------- ---swap-- -----io---- -system-- ------cpu-----
 r  b   swpd   free   buff  cache   si   so    bi    bo   in   cs us sy id wa st
 0  0      0 15424708 145232 419708    0    0     4     0    4    8  0  0 100  0  0
 0  0      0 15425084 145232 419716    0    0     0     0  199  141  0  0 100  0  0

top - 15:10:19 up  2:46,  1 user,  load average: 0.43, 0.11, 0.04
Tasks: 158 total,   1 running,  92 sleeping,   0 stopped,   0 zombie
%Cpu(s):  0.0 us,  0.0 sy,  0.0 ni, 99.9 id,  0.1 wa,  0.0 hi,  0.0 si,  0.0 st
KiB Mem : 16280872 total, 15425044 free,   290880 used,   564948 buff/cache
KiB Swap: 33554428 total, 33554428 free,        0 used. 15638948 avail Mem 

  PID USER      PR  NI    VIRT    RES    SHR S  %CPU %MEM     TIME+ COMMAND
    1 root      20   0   77676   8724   6592 S   0.0  0.1   0:00.85 /sbin/init
    2 root      20   0       0      0      0 S   0.0  0.0   0:00.00 [kthreadd]
    3 root       0 -20       0      0      0 I   0.0  0.0   0:00.00 [rcu_gp]
    4 root       0 -20       0      0      0 I   0.0  0.0   0:00.00 [rcu_par_gp]
    6 root       0 -20       0      0      0 I   0.0  0.0   0:00.00 [kworker/0:0H]

Environment variables: 
	BROWSER=/home/claireh/.vscode-server/bin/899d46d82c4c95423fb7e10e68eba52050e30ba3/bin/helpers/browser.sh
	COLORTERM=truecolor
	DBUS_SESSION_BUS_ADDRESS=unix:path=/run/user/1239/bus
	GIT_ASKPASS=/home/claireh/.vscode-server/bin/899d46d82c4c95423fb7e10e68eba52050e30ba3/extensions/git/dist/askpass.sh
	HOME=/home/claireh
	LANG=en_AU.UTF-8
	LANGUAGE=en_AU:en
	LOGNAME=claireh
	MAIL=/var/mail/claireh
	OLDPWD=/home/claireh
	PATH=/home/claireh/.vscode-server/bin/899d46d82c4c95423fb7e10e68eba52050e30ba3/bin:/home/claireh/.vscode-server/bin/899d46d82c4c95423fb7e10e68eba52050e30ba3/bin:/opt/apache-ant-1.9.16/bin:/usr/local/sbin:/usr/local/bin:/usr/sbin:/usr/bin:/sbin:/bin:/usr/games:/usr/local/games:/snap/bin:/home/claireh/.local/bin:/home/claireh/.dotnet/tools:/home/claireh/.local/bin:/home/claireh/.local/bin:/home/claireh/.dotnet/tools:/home/claireh/.local/bin
	PWD=/home/claireh/running-ng
	SHELL=/bin/bash
	SHLVL=6
	SSH_CLIENT=10.0.0.2 32928 22
	SSH_CONNECTION=10.0.0.2 32928 10.0.0.50 22
	SSH_ORIGINAL_COMMAND=bash
	TERM=screen
	TERM_PROGRAM=vscode
	TERM_PROGRAM_VERSION=1.63.2
	TMUX=/tmp/tmux-1239/default,3303,0
	TMUX_PANE=%0
	USER=claireh
	VSCODE_GIT_ASKPASS_EXTRA_ARGS=
	VSCODE_GIT_ASKPASS_MAIN=/home/claireh/.vscode-server/bin/899d46d82c4c95423fb7e10e68eba52050e30ba3/extensions/git/dist/askpass-main.js
	VSCODE_GIT_ASKPASS_NODE=/home/claireh/.vscode-server/bin/899d46d82c4c95423fb7e10e68eba52050e30ba3/node
	VSCODE_GIT_IPC_HANDLE=/run/user/1239/vscode-git-ac8fcb59c9.sock
	VSCODE_IPC_HOOK_CLI=/run/user/1239/vscode-ipc-de024d65-551e-4313-998b-96bd3e9806ff.sock
	XDG_RUNTIME_DIR=/run/user/1239
	XDG_SESSION_ID=9
	_=/home/claireh/.local/bin/running
OS: Linux fisher 5.4.0-91-generic #102~18.04.1-Ubuntu SMP Thu Nov 11 14:46:36 UTC 2021 x86_64 x86_64 x86_64 GNU/Linux
CPU: model name	: Intel(R) Core(TM) i7-6700K CPU @ 4.00GHz
number of cores: 8
Frequency of cpu 0: 4.00 GHz
Governor of cpu 0: performance
Scaling_min_freq of cpu 0: 0.80 GHz
Frequency of cpu 1: 4.00 GHz
Governor of cpu 1: performance
Scaling_min_freq of cpu 1: 0.80 GHz
Frequency of cpu 2: 4.00 GHz
Governor of cpu 2: performance
Scaling_min_freq of cpu 2: 0.80 GHz
Frequency of cpu 3: 4.00 GHz
Governor of cpu 3: performance
Scaling_min_freq of cpu 3: 0.80 GHz
Frequency of cpu 4: 4.00 GHz
Governor of cpu 4: performance
Scaling_min_freq of cpu 4: 0.80 GHz
Frequency of cpu 5: 4.00 GHz
Governor of cpu 5: performance
Scaling_min_freq of cpu 5: 0.80 GHz
Frequency of cpu 6: 4.00 GHz
Governor of cpu 6: performance
Scaling_min_freq of cpu 6: 0.80 GHz
Frequency of cpu 7: 4.00 GHz
Governor of cpu 7: performance
Scaling_min_freq of cpu 7: 0.80 GHz
Warn: unable to set plan="Shenandoah". Cant parse value. Default value will be used.
thread '<unnamed>' panicked at 'internal error: entered unreachable code: GC triggered in nogc', /home/claireh/mmtk-openjdk/repos/mmtk-core/src/plan/nogc/global.rs:90:9
note: run with `RUST_BACKTRACE=1` environment variable to display a backtrace
fatal runtime error: failed to initiate panic, error 5

-----
mkdir -p PLOTTY_WORKAROUND; timedrun; MMTK_PLAN=Shenandoah /home/claireh/mmtk-openjdk/repos/openjdk/build/linux-x86_64-normal-server-release/jdk/bin/java -XX:MetaspaceSize=500M -XX:+DisableExplicitGC -server -XX:-TieredCompilation -Xcomp -XX:+UseThirdPartyHeap -Djava.library.path=/home/claireh/probes -Dprobes=RustMMTk -Xms5M -Xmx5M -cp /usr/share/benchmarks/dacapo/dacapo-evaluation-git-29a657f.jar:/home/claireh/probes:/home/claireh/probes/probes.jar Harness -c probe.DacapoChopinCallback -n 5 -s default avrora
Fri  7 Jan 15:10:28 AEDT 2022

 15:10:28 up  2:46,  1 user,  load average: 0.52, 0.14, 0.05
USER     TTY      FROM             LOGIN@   IDLE   JCPU   PCPU WHAT
claireh  pts/1    tmux(3303).%0    15:07   38.00s  0.35s  0.00s /bin/sh -c w

procs -----------memory---------- ---swap-- -----io---- -system-- ------cpu-----
 r  b   swpd   free   buff  cache   si   so    bi    bo   in   cs us sy id wa st
 0  0      0 15428000 145252 419764    0    0     4     0    4    8  0  0 100  0  0
 0  0      0 15428184 145252 419764    0    0     0     0  204  139  0  0 100  0  0

top - 15:10:29 up  2:46,  1 user,  load average: 0.52, 0.14, 0.05
Tasks: 158 total,   1 running,  92 sleeping,   0 stopped,   0 zombie
%Cpu(s):  0.1 us,  0.0 sy,  0.0 ni, 99.9 id,  0.1 wa,  0.0 hi,  0.0 si,  0.0 st
KiB Mem : 16280872 total, 15427900 free,   287956 used,   565016 buff/cache
KiB Swap: 33554428 total, 33554428 free,        0 used. 15641872 avail Mem 

  PID USER      PR  NI    VIRT    RES    SHR S  %CPU %MEM     TIME+ COMMAND
    1 root      20   0   77676   8724   6592 S   0.0  0.1   0:00.85 /sbin/init
    2 root      20   0       0      0      0 S   0.0  0.0   0:00.00 [kthreadd]
    3 root       0 -20       0      0      0 I   0.0  0.0   0:00.00 [rcu_gp]
    4 root       0 -20       0      0      0 I   0.0  0.0   0:00.00 [rcu_par_gp]
    6 root       0 -20       0      0      0 I   0.0  0.0   0:00.00 [kworker/0:0H]

Environment variables: 
	BROWSER=/home/claireh/.vscode-server/bin/899d46d82c4c95423fb7e10e68eba52050e30ba3/bin/helpers/browser.sh
	COLORTERM=truecolor
	DBUS_SESSION_BUS_ADDRESS=unix:path=/run/user/1239/bus
	GIT_ASKPASS=/home/claireh/.vscode-server/bin/899d46d82c4c95423fb7e10e68eba52050e30ba3/extensions/git/dist/askpass.sh
	HOME=/home/claireh
	LANG=en_AU.UTF-8
	LANGUAGE=en_AU:en
	LOGNAME=claireh
	MAIL=/var/mail/claireh
	OLDPWD=/home/claireh
	PATH=/home/claireh/.vscode-server/bin/899d46d82c4c95423fb7e10e68eba52050e30ba3/bin:/home/claireh/.vscode-server/bin/899d46d82c4c95423fb7e10e68eba52050e30ba3/bin:/opt/apache-ant-1.9.16/bin:/usr/local/sbin:/usr/local/bin:/usr/sbin:/usr/bin:/sbin:/bin:/usr/games:/usr/local/games:/snap/bin:/home/claireh/.local/bin:/home/claireh/.dotnet/tools:/home/claireh/.local/bin:/home/claireh/.local/bin:/home/claireh/.dotnet/tools:/home/claireh/.local/bin
	PWD=/home/claireh/running-ng
	SHELL=/bin/bash
	SHLVL=6
	SSH_CLIENT=10.0.0.2 32928 22
	SSH_CONNECTION=10.0.0.2 32928 10.0.0.50 22
	SSH_ORIGINAL_COMMAND=bash
	TERM=screen
	TERM_PROGRAM=vscode
	TERM_PROGRAM_VERSION=1.63.2
	TMUX=/tmp/tmux-1239/default,3303,0
	TMUX_PANE=%0
	USER=claireh
	VSCODE_GIT_ASKPASS_EXTRA_ARGS=
	VSCODE_GIT_ASKPASS_MAIN=/home/claireh/.vscode-server/bin/899d46d82c4c95423fb7e10e68eba52050e30ba3/extensions/git/dist/askpass-main.js
	VSCODE_GIT_ASKPASS_NODE=/home/claireh/.vscode-server/bin/899d46d82c4c95423fb7e10e68eba52050e30ba3/node
	VSCODE_GIT_IPC_HANDLE=/run/user/1239/vscode-git-ac8fcb59c9.sock
	VSCODE_IPC_HOOK_CLI=/run/user/1239/vscode-ipc-de024d65-551e-4313-998b-96bd3e9806ff.sock
	XDG_RUNTIME_DIR=/run/user/1239
	XDG_SESSION_ID=9
	_=/home/claireh/.local/bin/running
OS: Linux fisher 5.4.0-91-generic #102~18.04.1-Ubuntu SMP Thu Nov 11 14:46:36 UTC 2021 x86_64 x86_64 x86_64 GNU/Linux
CPU: model name	: Intel(R) Core(TM) i7-6700K CPU @ 4.00GHz
number of cores: 8
Frequency of cpu 0: 4.00 GHz
Governor of cpu 0: performance
Scaling_min_freq of cpu 0: 0.80 GHz
Frequency of cpu 1: 4.00 GHz
Governor of cpu 1: performance
Scaling_min_freq of cpu 1: 0.80 GHz
Frequency of cpu 2: 4.00 GHz
Governor of cpu 2: performance
Scaling_min_freq of cpu 2: 0.80 GHz
Frequency of cpu 3: 4.00 GHz
Governor of cpu 3: performance
Scaling_min_freq of cpu 3: 0.80 GHz
Frequency of cpu 4: 4.00 GHz
Governor of cpu 4: performance
Scaling_min_freq of cpu 4: 0.80 GHz
Frequency of cpu 5: 4.00 GHz
Governor of cpu 5: performance
Scaling_min_freq of cpu 5: 0.80 GHz
Frequency of cpu 6: 4.00 GHz
Governor of cpu 6: performance
Scaling_min_freq of cpu 6: 0.80 GHz
Frequency of cpu 7: 4.00 GHz
Governor of cpu 7: performance
Scaling_min_freq of cpu 7: 0.80 GHz
Warn: unable to set plan="Shenandoah". Cant parse value. Default value will be used.
thread '<unnamed>' panicked at 'internal error: entered unreachable code: GC triggered in nogc', /home/claireh/mmtk-openjdk/repos/mmtk-core/src/plan/nogc/global.rs:90:9
note: run with `RUST_BACKTRACE=1` environment variable to display a backtrace
fatal runtime error: failed to initiate panic, error 5
