
-----
mkdir -p PLOTTY_WORKAROUND; timedrun; MMTK_PLAN=GenImmix MMTK_MAX_NURSERY=33554432 MMTK_MIN_NURSERY=33554432 /home/claireh/running-ng/builds/build_no_barrier/linux-x86_64-normal-server-release/jdk/bin/java -XX:MetaspaceSize=500M -XX:+DisableExplicitGC -server -XX:-TieredCompilation -Xcomp -XX:+UseThirdPartyHeap -Djava.library.path=/home/claireh/probes -Dprobes=RustMMTk -Xms204M -Xmx204M -cp /usr/share/benchmarks/dacapo/dacapo-evaluation-git-f480064.jar:/home/claireh/probes:/home/claireh/probes/probes.jar Harness -c probe.DacapoChopinCallback -n 5 -s default sunflow
Sat  5 Feb 22:22:30 AEDT 2022

 22:22:30 up 9 days,  4:40,  2 users,  load average: 0.00, 0.06, 0.07
USER     TTY      FROM             LOGIN@   IDLE   JCPU   PCPU WHAT
claireh  pts/5    tmux(20119).%0   28Jan22  4.00s  0.36s  0.00s /bin/sh -c w
claireh  pts/6    tmux(20119).%1   Mon12    5days  0.00s  0.00s -bash

procs -----------memory---------- ---swap-- -----io---- -system-- ------cpu-----
 r  b   swpd   free   buff  cache   si   so    bi    bo   in   cs us sy id wa st
 0  0      0 2461852 1780256 60982868    0    0     1    15    0    0  9  0 91  0  0
 0  0      0 2460900 1780256 60982868    0    0     0     0  554  218  0  0 100  0  0

top - 22:22:31 up 9 days,  4:40,  2 users,  load average: 0.00, 0.06, 0.07
Tasks: 365 total,   1 running, 198 sleeping,   0 stopped,   0 zombie
%Cpu(s):  8.8 us,  0.3 sy,  0.0 ni, 90.9 id,  0.0 wa,  0.0 hi,  0.0 si,  0.0 st
KiB Mem : 65833340 total,  2461104 free,   609112 used, 62763124 buff/cache
KiB Swap: 67108860 total, 67108860 free,        0 used. 64458608 avail Mem 

  PID USER      PR  NI    VIRT    RES    SHR S  %CPU %MEM     TIME+ COMMAND
    1 root      20   0  225288   8772   6476 S   0.0  0.0   0:07.69 /sbin/init
    2 root      20   0       0      0      0 S   0.0  0.0   0:00.03 [kthreadd]
    3 root       0 -20       0      0      0 I   0.0  0.0   0:00.00 [rcu_gp]
    4 root       0 -20       0      0      0 I   0.0  0.0   0:00.00 [rcu_par_gp]
    6 root       0 -20       0      0      0 I   0.0  0.0   0:00.00 [kworker/0:0H-kb]

Environment variables: 
	BROWSER=/home/claireh/.vscode-server/bin/899d46d82c4c95423fb7e10e68eba52050e30ba3/bin/helpers/browser.sh
	COLORTERM=truecolor
	DBUS_SESSION_BUS_ADDRESS=unix:path=/run/user/1239/bus
	GIT_ASKPASS=/home/claireh/.vscode-server/bin/899d46d82c4c95423fb7e10e68eba52050e30ba3/extensions/git/dist/askpass.sh
	HOME=/home/claireh
	LANG=en_AU.UTF-8
	LANGUAGE=en_AU:en
	LOGNAME=claireh
	MAIL=/var/mail/claireh
	OLDPWD=/home/claireh
	PATH=/home/claireh/.vscode-server/bin/899d46d82c4c95423fb7e10e68eba52050e30ba3/bin:/home/claireh/.vscode-server/bin/899d46d82c4c95423fb7e10e68eba52050e30ba3/bin:/opt/apache-ant-1.9.16/bin:/usr/local/sbin:/usr/local/bin:/usr/sbin:/usr/bin:/sbin:/bin:/usr/games:/usr/local/games:/snap/bin:/home/claireh/.local/bin:/home/claireh/.dotnet/tools:/home/claireh/.local/bin:/home/claireh/.local/bin:/home/claireh/.dotnet/tools:/home/claireh/.local/bin
	PWD=/home/claireh/running-ng
	SHELL=/bin/bash
	SHLVL=6
	SSH_CLIENT=10.0.0.2 50468 22
	SSH_CONNECTION=10.0.0.2 50468 10.0.0.81 22
	SSH_ORIGINAL_COMMAND=bash
	TERM=screen
	TERM_PROGRAM=vscode
	TERM_PROGRAM_VERSION=1.63.2
	TMUX=/tmp/tmux-1239/default,20119,0
	TMUX_PANE=%0
	USER=claireh
	VSCODE_GIT_ASKPASS_EXTRA_ARGS=
	VSCODE_GIT_ASKPASS_MAIN=/home/claireh/.vscode-server/bin/899d46d82c4c95423fb7e10e68eba52050e30ba3/extensions/git/dist/askpass-main.js
	VSCODE_GIT_ASKPASS_NODE=/home/claireh/.vscode-server/bin/899d46d82c4c95423fb7e10e68eba52050e30ba3/node
	VSCODE_GIT_IPC_HANDLE=/run/user/1239/vscode-git-6cb050cc96.sock
	VSCODE_IPC_HOOK_CLI=/run/user/1239/vscode-ipc-ebe11f83-3a12-477e-8740-3c9928772905.sock
	XDG_RUNTIME_DIR=/run/user/1239
	XDG_SESSION_ID=278
	_=/home/claireh/.local/bin/running
OS: Linux boar 5.4.0-96-generic #109~18.04.1-Ubuntu SMP Thu Jan 13 15:06:26 UTC 2022 x86_64 x86_64 x86_64 GNU/Linux
CPU: model name	: AMD Ryzen 9 5950X 16-Core Processor
number of cores: 32
Frequency of cpu 0: 3.39 GHz
Governor of cpu 0: performance
Scaling_min_freq of cpu 0: 2.20 GHz
Frequency of cpu 1: 3.39 GHz
Governor of cpu 1: performance
Scaling_min_freq of cpu 1: 2.20 GHz
Frequency of cpu 2: 3.39 GHz
Governor of cpu 2: performance
Scaling_min_freq of cpu 2: 2.20 GHz
Frequency of cpu 3: 3.39 GHz
Governor of cpu 3: performance
Scaling_min_freq of cpu 3: 2.20 GHz
Frequency of cpu 4: 3.39 GHz
Governor of cpu 4: performance
Scaling_min_freq of cpu 4: 2.20 GHz
Frequency of cpu 5: 3.39 GHz
Governor of cpu 5: performance
Scaling_min_freq of cpu 5: 2.20 GHz
Frequency of cpu 6: 3.39 GHz
Governor of cpu 6: performance
Scaling_min_freq of cpu 6: 2.20 GHz
Frequency of cpu 7: 3.39 GHz
Governor of cpu 7: performance
Scaling_min_freq of cpu 7: 2.20 GHz
Frequency of cpu 8: 3.39 GHz
Governor of cpu 8: performance
Scaling_min_freq of cpu 8: 2.20 GHz
Frequency of cpu 9: 3.39 GHz
Governor of cpu 9: performance
Scaling_min_freq of cpu 9: 2.20 GHz
Frequency of cpu 10: 3.39 GHz
Governor of cpu 10: performance
Scaling_min_freq of cpu 10: 2.20 GHz
Frequency of cpu 11: 3.39 GHz
Governor of cpu 11: performance
Scaling_min_freq of cpu 11: 2.20 GHz
Frequency of cpu 12: 3.39 GHz
Governor of cpu 12: performance
Scaling_min_freq of cpu 12: 2.20 GHz
Frequency of cpu 13: 3.39 GHz
Governor of cpu 13: performance
Scaling_min_freq of cpu 13: 2.20 GHz
Frequency of cpu 14: 3.39 GHz
Governor of cpu 14: performance
Scaling_min_freq of cpu 14: 2.20 GHz
Frequency of cpu 15: 3.39 GHz
Governor of cpu 15: performance
Scaling_min_freq of cpu 15: 2.20 GHz
Frequency of cpu 16: 3.39 GHz
Governor of cpu 16: performance
Scaling_min_freq of cpu 16: 2.20 GHz
Frequency of cpu 17: 3.39 GHz
Governor of cpu 17: performance
Scaling_min_freq of cpu 17: 2.20 GHz
Frequency of cpu 18: 3.39 GHz
Governor of cpu 18: performance
Scaling_min_freq of cpu 18: 2.20 GHz
Frequency of cpu 19: 3.39 GHz
Governor of cpu 19: performance
Scaling_min_freq of cpu 19: 2.20 GHz
Frequency of cpu 20: 3.39 GHz
Governor of cpu 20: performance
Scaling_min_freq of cpu 20: 2.20 GHz
Frequency of cpu 21: 3.39 GHz
Governor of cpu 21: performance
Scaling_min_freq of cpu 21: 2.20 GHz
Frequency of cpu 22: 3.39 GHz
Governor of cpu 22: performance
Scaling_min_freq of cpu 22: 2.20 GHz
Frequency of cpu 23: 3.39 GHz
Governor of cpu 23: performance
Scaling_min_freq of cpu 23: 2.20 GHz
Frequency of cpu 24: 3.39 GHz
Governor of cpu 24: performance
Scaling_min_freq of cpu 24: 2.20 GHz
Frequency of cpu 25: 3.39 GHz
Governor of cpu 25: performance
Scaling_min_freq of cpu 25: 2.20 GHz
Frequency of cpu 26: 3.39 GHz
Governor of cpu 26: performance
Scaling_min_freq of cpu 26: 2.20 GHz
Frequency of cpu 27: 3.39 GHz
Governor of cpu 27: performance
Scaling_min_freq of cpu 27: 2.20 GHz
Frequency of cpu 28: 3.39 GHz
Governor of cpu 28: performance
Scaling_min_freq of cpu 28: 2.20 GHz
Frequency of cpu 29: 3.39 GHz
Governor of cpu 29: performance
Scaling_min_freq of cpu 29: 2.20 GHz
Frequency of cpu 30: 3.39 GHz
Governor of cpu 30: performance
Scaling_min_freq of cpu 30: 2.20 GHz
Frequency of cpu 31: 3.39 GHz
Governor of cpu 31: performance
Scaling_min_freq of cpu 31: 2.20 GHz
--------------------------------------------------------------------------------
IMPORTANT NOTICE:  This is NOT a release build of the DaCapo suite.
Since it is not an official release of the DaCapo suite, care must be taken when
using the suite, and any use of the build must be sure to note that it is not an
offical release, and should note the relevant git hash.

Feedback is greatly appreciated.   The preferred mode of feedback is via github.
Please use our github page to create an issue or a pull request.
    https://github.com/dacapobench/dacapobench.
--------------------------------------------------------------------------------

Using scaled threading model. 32 processors detected, 32 threads used to drive the workload, in a possible range of [1,1024]
===== DaCapo evaluation-git-f480064 sunflow starting warmup 1 =====
===== DaCapo evaluation-git-f480064 sunflow completed warmup 1 in 7352 msec =====
===== DaCapo evaluation-git-f480064 sunflow starting warmup 2 =====
===== DaCapo evaluation-git-f480064 sunflow completed warmup 2 in 5236 msec =====
===== DaCapo evaluation-git-f480064 sunflow starting warmup 3 =====
===== DaCapo evaluation-git-f480064 sunflow completed warmup 3 in 5123 msec =====
===== DaCapo evaluation-git-f480064 sunflow starting warmup 4 =====
===== DaCapo evaluation-git-f480064 sunflow completed warmup 4 in 5084 msec =====
===== DaCapo evaluation-git-f480064 sunflow starting =====
============================ MMTk Statistics Totals ============================
GC	time.other	time.stw	work.PrepareBlockState.time.max	work.ScanClassLoaderDataGraphRoots.time.total	work.ScanUniverseRoots.time.total	work.Release.count	work.Finalization.time.min	work.SweepChunk.time.total	work.ScanStringTableRoots.time.min	work.ScanAOTLoaderRoots.time.min	work.ScanVMThreadRoots.time.total	work.ScanWeakProcessorRoots.count	work.GenImmixMatureProcessEdges.time.max	work.ScanSystemDictionaryRoots.count	work.ScanStringTableRoots.count	work.ScanJNIHandlesRoots.time.max	work.Release.time.max	total-work.count	work.Prepare.time.total	work.ScanObjectSynchronizerRoots.count	work.ScanJNIHandlesRoots.count	work.ScheduleCollection.time.max	work.EndOfGC.time.min	total-work.time.min	work.ScheduleCollection.time.total	work.ScanClassLoaderDataGraphRoots.count	work.ScanJNIHandlesRoots.time.total	work.ScanVMSpecificRoots.time.max	work.ScanCodeCacheRoots.time.max	work.ScanObjectSynchronizerRoots.time.total	work.SweepChunk.time.max	work.PrepareCollector.time.total	work.Release.time.total	work.PrepareBlockState.time.min	work.ScanUniverseRoots.count	work.ScanWeakProcessorRoots.time.max	work.EndOfGC.count	work.ScanClassLoaderDataGraphRoots.time.min	work.ScanVMThreadRoots.time.min	work.ScanStackRoot.time.max	work.PrepareBlockState.count	work.Release.time.min	work.StopMutators.time.min	work.ReleaseCollector.time.min	work.ScanUniverseRoots.time.max	total-work.time.total	work.PrepareCollector.count	work.ScanCodeCacheRoots.time.total	work.ReleaseCollector.time.max	work.PrepareCollector.time.max	work.PrepareCollector.time.min	work.ScanJNIHandlesRoots.time.min	work.ScanManagementRoots.count	work.ReleaseMutator.time.total	work.ScanClassLoaderDataGraphRoots.time.max	work.ProcessWeakRefs.time.min	work.ProcessWeakRefs.time.max	work.PrepareBlockState.time.total	work.ProcessWeakRefs.time.total	work.ScanVMThreadRoots.time.max	work.Finalization.time.max	work.EndOfGC.time.max	work.Finalization.time.total	work.Finalization.count	work.GenImmixMatureProcessEdges.time.min	work.ScanWeakProcessorRoots.time.total	work.ReleaseMutator.time.max	work.PrepareMutator.count	work.ScanJvmtiExportRoots.count	work.ScanStackRoot.count	work.ScanAOTLoaderRoots.time.max	work.Prepare.time.max	work.ScanJvmtiExportRoots.time.max	work.ScanStackRoot.time.total	work.StopMutators.time.max	work.ScanSystemDictionaryRoots.time.total	work.ScanObjectSynchronizerRoots.time.min	work.ScanUniverseRoots.time.min	work.PrepareMutator.time.max	work.ScheduleCollection.time.min	work.ScanVMSpecificRoots.time.min	work.ReleaseMutator.time.min	work.ReleaseCollector.count	work.StopMutators.time.total	work.ScanSystemDictionaryRoots.time.min	work.ReleaseMutator.count	work.ScanStackRoot.time.min	work.ScanManagementRoots.time.min	work.ScanVMSpecificRoots.count	work.Prepare.time.min	work.ScanAOTLoaderRoots.count	work.ScanAOTLoaderRoots.time.total	work.ProcessWeakRefs.count	work.ScanCodeCacheRoots.time.min	work.ScanVMThreadRoots.count	work.ScanManagementRoots.time.total	work.ScanJvmtiExportRoots.time.total	work.ScanObjectSynchronizerRoots.time.max	work.ScanVMSpecificRoots.time.total	work.Prepare.count	work.EndOfGC.time.total	work.SweepChunk.time.min	work.ScanCodeCacheRoots.count	total-work.time.max	work.ScanWeakProcessorRoots.time.min	work.GenImmixMatureProcessEdges.time.total	work.SweepChunk.count	work.StopMutators.count	work.ScanJvmtiExportRoots.time.min	work.ScanSystemDictionaryRoots.time.max	work.ScanManagementRoots.time.max	work.ReleaseCollector.time.total	work.ScanStringTableRoots.time.max	work.PrepareMutator.time.min	work.GenImmixMatureProcessEdges.count	work.PrepareMutator.time.total	work.ScheduleCollection.count	work.ScanStringTableRoots.time.total	
611	2503.84	2636.23	19947.00	44436306.00	16396157.00	611	2144.00	139414225.00	25427.00	281.00	14064590.00	611	1311601.00	611	611	217118.00	545102.00	788831	236852688.00	611	611	40666.00	11000.00	80.00	12373546.00	611	14443007.00	213310.00	3303559.00	565028.00	102622.00	6416657.00	192943026.00	3146.00	611	159660.00	611	18265.00	631.00	289634.00	4888	193593.00	134752.00	100.00	188274.00	20517459834.00	19552	1337951508.00	4939.00	5200.00	120.00	571.00	611	9281404.00	209022.00	100.00	2624.00	48602118.00	160684.00	171652.00	10760.00	4358208.00	2206631.00	611	80.00	18704179.00	3737.00	25564	611	25564	2896.00	2460597.00	4448.00	730202437.00	3077574.00	15999908.00	221.00	822.00	1502.00	6683.00	681.00	100.00	19550	302602098.00	2485.00	25564	611.00	751.00	611	124734.00	611	692106.00	611	1967061.00	611	14959299.00	704355.00	3827.00	31503947.00	611	22929526.00	701.00	611	4358208.00	4328.00	17230969785.00	4888	611	341.00	174818.00	212098.00	5538871.00	297248.00	80.00	651041	6159807.00	611	60385941.00	
Total time: 5140.07 ms
------------------------------ End MMTk Statistics -----------------------------
===== DaCapo evaluation-git-f480064 sunflow PASSED in 5140 msec =====

-----
mkdir -p PLOTTY_WORKAROUND; timedrun; MMTK_PLAN=GenImmix MMTK_MAX_NURSERY=33554432 MMTK_MIN_NURSERY=33554432 /home/claireh/running-ng/builds/build_no_barrier/linux-x86_64-normal-server-release/jdk/bin/java -XX:MetaspaceSize=500M -XX:+DisableExplicitGC -server -XX:-TieredCompilation -Xcomp -XX:+UseThirdPartyHeap -Djava.library.path=/home/claireh/probes -Dprobes=RustMMTk -Xms204M -Xmx204M -cp /usr/share/benchmarks/dacapo/dacapo-evaluation-git-f480064.jar:/home/claireh/probes:/home/claireh/probes/probes.jar Harness -c probe.DacapoChopinCallback -n 5 -s default sunflow
Sat  5 Feb 22:23:51 AEDT 2022

 22:23:51 up 9 days,  4:41,  2 users,  load average: 10.63, 3.35, 1.22
USER     TTY      FROM             LOGIN@   IDLE   JCPU   PCPU WHAT
claireh  pts/5    tmux(20119).%0   28Jan22  1:25   0.45s  0.00s /bin/sh -c w
claireh  pts/6    tmux(20119).%1   Mon12    5days  0.00s  0.00s -bash

procs -----------memory---------- ---swap-- -----io---- -system-- ------cpu-----
 r  b   swpd   free   buff  cache   si   so    bi    bo   in   cs us sy id wa st
 0  0      0 2577216 1780328 60983016    0    0     1    15    1    1  9  0 91  0  0
 0  0      0 2576964 1780328 60982984    0    0     0     0  124   32  0  0 100  0  0

top - 22:23:53 up 9 days,  4:41,  2 users,  load average: 10.63, 3.35, 1.22
Tasks: 358 total,   1 running, 191 sleeping,   0 stopped,   0 zombie
%Cpu(s):  8.8 us,  0.3 sy,  0.0 ni, 90.9 id,  0.0 wa,  0.0 hi,  0.0 si,  0.0 st
KiB Mem : 65833340 total,  2576192 free,   493836 used, 62763312 buff/cache
KiB Swap: 67108860 total, 67108860 free,        0 used. 64573884 avail Mem 

  PID USER      PR  NI    VIRT    RES    SHR S  %CPU %MEM     TIME+ COMMAND
19240 claireh   20   0   41944   3988   3268 R   6.2  0.0   0:00.01 top -bcn 1 -w512
    1 root      20   0  225288   8772   6476 S   0.0  0.0   0:07.69 /sbin/init
    2 root      20   0       0      0      0 S   0.0  0.0   0:00.03 [kthreadd]
    3 root       0 -20       0      0      0 I   0.0  0.0   0:00.00 [rcu_gp]
    4 root       0 -20       0      0      0 I   0.0  0.0   0:00.00 [rcu_par_gp]

Environment variables: 
	BROWSER=/home/claireh/.vscode-server/bin/899d46d82c4c95423fb7e10e68eba52050e30ba3/bin/helpers/browser.sh
	COLORTERM=truecolor
	DBUS_SESSION_BUS_ADDRESS=unix:path=/run/user/1239/bus
	GIT_ASKPASS=/home/claireh/.vscode-server/bin/899d46d82c4c95423fb7e10e68eba52050e30ba3/extensions/git/dist/askpass.sh
	HOME=/home/claireh
	LANG=en_AU.UTF-8
	LANGUAGE=en_AU:en
	LOGNAME=claireh
	MAIL=/var/mail/claireh
	OLDPWD=/home/claireh
	PATH=/home/claireh/.vscode-server/bin/899d46d82c4c95423fb7e10e68eba52050e30ba3/bin:/home/claireh/.vscode-server/bin/899d46d82c4c95423fb7e10e68eba52050e30ba3/bin:/opt/apache-ant-1.9.16/bin:/usr/local/sbin:/usr/local/bin:/usr/sbin:/usr/bin:/sbin:/bin:/usr/games:/usr/local/games:/snap/bin:/home/claireh/.local/bin:/home/claireh/.dotnet/tools:/home/claireh/.local/bin:/home/claireh/.local/bin:/home/claireh/.dotnet/tools:/home/claireh/.local/bin
	PWD=/home/claireh/running-ng
	SHELL=/bin/bash
	SHLVL=6
	SSH_CLIENT=10.0.0.2 50468 22
	SSH_CONNECTION=10.0.0.2 50468 10.0.0.81 22
	SSH_ORIGINAL_COMMAND=bash
	TERM=screen
	TERM_PROGRAM=vscode
	TERM_PROGRAM_VERSION=1.63.2
	TMUX=/tmp/tmux-1239/default,20119,0
	TMUX_PANE=%0
	USER=claireh
	VSCODE_GIT_ASKPASS_EXTRA_ARGS=
	VSCODE_GIT_ASKPASS_MAIN=/home/claireh/.vscode-server/bin/899d46d82c4c95423fb7e10e68eba52050e30ba3/extensions/git/dist/askpass-main.js
	VSCODE_GIT_ASKPASS_NODE=/home/claireh/.vscode-server/bin/899d46d82c4c95423fb7e10e68eba52050e30ba3/node
	VSCODE_GIT_IPC_HANDLE=/run/user/1239/vscode-git-6cb050cc96.sock
	VSCODE_IPC_HOOK_CLI=/run/user/1239/vscode-ipc-ebe11f83-3a12-477e-8740-3c9928772905.sock
	XDG_RUNTIME_DIR=/run/user/1239
	XDG_SESSION_ID=278
	_=/home/claireh/.local/bin/running
OS: Linux boar 5.4.0-96-generic #109~18.04.1-Ubuntu SMP Thu Jan 13 15:06:26 UTC 2022 x86_64 x86_64 x86_64 GNU/Linux
CPU: model name	: AMD Ryzen 9 5950X 16-Core Processor
number of cores: 32
Frequency of cpu 0: 3.39 GHz
Governor of cpu 0: performance
Scaling_min_freq of cpu 0: 2.20 GHz
Frequency of cpu 1: 3.39 GHz
Governor of cpu 1: performance
Scaling_min_freq of cpu 1: 2.20 GHz
Frequency of cpu 2: 3.39 GHz
Governor of cpu 2: performance
Scaling_min_freq of cpu 2: 2.20 GHz
Frequency of cpu 3: 3.39 GHz
Governor of cpu 3: performance
Scaling_min_freq of cpu 3: 2.20 GHz
Frequency of cpu 4: 3.39 GHz
Governor of cpu 4: performance
Scaling_min_freq of cpu 4: 2.20 GHz
Frequency of cpu 5: 3.39 GHz
Governor of cpu 5: performance
Scaling_min_freq of cpu 5: 2.20 GHz
Frequency of cpu 6: 3.39 GHz
Governor of cpu 6: performance
Scaling_min_freq of cpu 6: 2.20 GHz
Frequency of cpu 7: 3.39 GHz
Governor of cpu 7: performance
Scaling_min_freq of cpu 7: 2.20 GHz
Frequency of cpu 8: 3.39 GHz
Governor of cpu 8: performance
Scaling_min_freq of cpu 8: 2.20 GHz
Frequency of cpu 9: 3.39 GHz
Governor of cpu 9: performance
Scaling_min_freq of cpu 9: 2.20 GHz
Frequency of cpu 10: 3.39 GHz
Governor of cpu 10: performance
Scaling_min_freq of cpu 10: 2.20 GHz
Frequency of cpu 11: 3.39 GHz
Governor of cpu 11: performance
Scaling_min_freq of cpu 11: 2.20 GHz
Frequency of cpu 12: 3.39 GHz
Governor of cpu 12: performance
Scaling_min_freq of cpu 12: 2.20 GHz
Frequency of cpu 13: 3.39 GHz
Governor of cpu 13: performance
Scaling_min_freq of cpu 13: 2.20 GHz
Frequency of cpu 14: 3.39 GHz
Governor of cpu 14: performance
Scaling_min_freq of cpu 14: 2.20 GHz
Frequency of cpu 15: 3.39 GHz
Governor of cpu 15: performance
Scaling_min_freq of cpu 15: 2.20 GHz
Frequency of cpu 16: 3.39 GHz
Governor of cpu 16: performance
Scaling_min_freq of cpu 16: 2.20 GHz
Frequency of cpu 17: 3.39 GHz
Governor of cpu 17: performance
Scaling_min_freq of cpu 17: 2.20 GHz
Frequency of cpu 18: 3.39 GHz
Governor of cpu 18: performance
Scaling_min_freq of cpu 18: 2.20 GHz
Frequency of cpu 19: 3.39 GHz
Governor of cpu 19: performance
Scaling_min_freq of cpu 19: 2.20 GHz
Frequency of cpu 20: 3.39 GHz
Governor of cpu 20: performance
Scaling_min_freq of cpu 20: 2.20 GHz
Frequency of cpu 21: 3.39 GHz
Governor of cpu 21: performance
Scaling_min_freq of cpu 21: 2.20 GHz
Frequency of cpu 22: 3.39 GHz
Governor of cpu 22: performance
Scaling_min_freq of cpu 22: 2.20 GHz
Frequency of cpu 23: 3.39 GHz
Governor of cpu 23: performance
Scaling_min_freq of cpu 23: 2.20 GHz
Frequency of cpu 24: 3.39 GHz
Governor of cpu 24: performance
Scaling_min_freq of cpu 24: 2.20 GHz
Frequency of cpu 25: 3.39 GHz
Governor of cpu 25: performance
Scaling_min_freq of cpu 25: 2.20 GHz
Frequency of cpu 26: 3.39 GHz
Governor of cpu 26: performance
Scaling_min_freq of cpu 26: 2.20 GHz
Frequency of cpu 27: 3.39 GHz
Governor of cpu 27: performance
Scaling_min_freq of cpu 27: 2.20 GHz
Frequency of cpu 28: 3.39 GHz
Governor of cpu 28: performance
Scaling_min_freq of cpu 28: 2.20 GHz
Frequency of cpu 29: 3.39 GHz
Governor of cpu 29: performance
Scaling_min_freq of cpu 29: 2.20 GHz
Frequency of cpu 30: 3.39 GHz
Governor of cpu 30: performance
Scaling_min_freq of cpu 30: 2.20 GHz
Frequency of cpu 31: 3.39 GHz
Governor of cpu 31: performance
Scaling_min_freq of cpu 31: 2.20 GHz
--------------------------------------------------------------------------------
IMPORTANT NOTICE:  This is NOT a release build of the DaCapo suite.
Since it is not an official release of the DaCapo suite, care must be taken when
using the suite, and any use of the build must be sure to note that it is not an
offical release, and should note the relevant git hash.

Feedback is greatly appreciated.   The preferred mode of feedback is via github.
Please use our github page to create an issue or a pull request.
    https://github.com/dacapobench/dacapobench.
--------------------------------------------------------------------------------

Using scaled threading model. 32 processors detected, 32 threads used to drive the workload, in a possible range of [1,1024]
===== DaCapo evaluation-git-f480064 sunflow starting warmup 1 =====
===== DaCapo evaluation-git-f480064 sunflow completed warmup 1 in 7154 msec =====
===== DaCapo evaluation-git-f480064 sunflow starting warmup 2 =====
===== DaCapo evaluation-git-f480064 sunflow completed warmup 2 in 5225 msec =====
===== DaCapo evaluation-git-f480064 sunflow starting warmup 3 =====
===== DaCapo evaluation-git-f480064 sunflow completed warmup 3 in 4879 msec =====
===== DaCapo evaluation-git-f480064 sunflow starting warmup 4 =====
===== DaCapo evaluation-git-f480064 sunflow completed warmup 4 in 5041 msec =====
===== DaCapo evaluation-git-f480064 sunflow starting =====
============================ MMTk Statistics Totals ============================
GC	time.other	time.stw	work.GenImmixMatureProcessEdges.time.min	work.ReleaseMutator.time.total	work.ScanClassLoaderDataGraphRoots.time.total	work.ScanClassLoaderDataGraphRoots.time.min	work.ScanJvmtiExportRoots.time.max	work.ScanVMThreadRoots.count	work.EndOfGC.count	work.ScanVMThreadRoots.time.max	work.ScanVMSpecificRoots.time.max	work.PrepareMutator.time.min	work.ScanStackRoot.time.max	work.StopMutators.time.total	work.Finalization.count	work.EndOfGC.time.max	total-work.time.min	work.PrepareCollector.time.total	total-work.time.max	work.EndOfGC.time.total	work.ScanUniverseRoots.count	work.SweepChunk.time.min	work.GenImmixMatureProcessEdges.time.total	work.ScanClassLoaderDataGraphRoots.count	work.ScanJNIHandlesRoots.time.max	work.ScanStringTableRoots.count	total-work.count	work.ScanManagementRoots.time.max	work.ScanSystemDictionaryRoots.count	work.ScanUniverseRoots.time.min	work.ReleaseMutator.time.max	work.ReleaseCollector.count	work.ScanVMThreadRoots.time.total	work.ScanStringTableRoots.time.total	work.ScanObjectSynchronizerRoots.time.max	work.Release.time.total	work.ScanVMThreadRoots.time.min	work.ScanUniverseRoots.time.max	work.ScanCodeCacheRoots.count	work.ReleaseMutator.count	work.ScanSystemDictionaryRoots.time.total	work.ScanAOTLoaderRoots.time.min	work.ScanWeakProcessorRoots.time.min	work.Release.count	work.ScanSystemDictionaryRoots.time.max	work.ReleaseCollector.time.min	work.ScanVMSpecificRoots.time.min	work.ScanAOTLoaderRoots.count	work.ScheduleCollection.count	work.ScanWeakProcessorRoots.time.max	work.ScanJNIHandlesRoots.time.total	work.PrepareBlockState.time.total	work.ScanManagementRoots.time.total	work.PrepareMutator.time.total	work.ScanJNIHandlesRoots.count	work.Release.time.min	work.ScanJvmtiExportRoots.count	work.ScanCodeCacheRoots.time.total	work.ReleaseCollector.time.total	work.SweepChunk.count	work.ScheduleCollection.time.max	work.ProcessWeakRefs.time.total	work.ScanJvmtiExportRoots.time.min	work.ScanAOTLoaderRoots.time.max	work.ScanManagementRoots.count	work.ScheduleCollection.time.min	work.SweepChunk.time.total	work.EndOfGC.time.min	work.Release.time.max	work.ScanStackRoot.time.total	work.Finalization.time.min	work.ScanObjectSynchronizerRoots.time.total	work.StopMutators.time.min	work.PrepareCollector.time.min	work.Prepare.count	work.ScanStringTableRoots.time.min	work.PrepareCollector.count	work.ScanObjectSynchronizerRoots.time.min	work.Prepare.time.max	work.PrepareMutator.time.max	work.PrepareBlockState.time.max	work.ScanObjectSynchronizerRoots.count	work.ReleaseCollector.time.max	work.GenImmixMatureProcessEdges.time.max	work.ProcessWeakRefs.count	total-work.time.total	work.PrepareCollector.time.max	work.ScheduleCollection.time.total	work.ScanAOTLoaderRoots.time.total	work.Prepare.time.min	work.ScanVMSpecificRoots.count	work.ScanCodeCacheRoots.time.min	work.PrepareBlockState.time.min	work.Finalization.time.total	work.SweepChunk.time.max	work.ScanJNIHandlesRoots.time.min	work.ScanJvmtiExportRoots.time.total	work.PrepareBlockState.count	work.ProcessWeakRefs.time.min	work.PrepareMutator.count	work.Prepare.time.total	work.ProcessWeakRefs.time.max	work.ScanCodeCacheRoots.time.max	work.ReleaseMutator.time.min	work.ScanUniverseRoots.time.total	work.ScanManagementRoots.time.min	work.ScanWeakProcessorRoots.time.total	work.ScanWeakProcessorRoots.count	work.ScanVMSpecificRoots.time.total	work.StopMutators.count	work.GenImmixMatureProcessEdges.count	work.ScanStackRoot.count	work.ScanStackRoot.time.min	work.ScanSystemDictionaryRoots.time.min	work.StopMutators.time.max	work.ScanClassLoaderDataGraphRoots.time.max	work.ScanStringTableRoots.time.max	work.Finalization.time.max	
611	2504.83	2583.96	80.00	9144514.00	45892769.00	22673.00	4548.00	611	611	740420.00	851538.00	80.00	919255.00	285470751.00	611	5770016.00	80.00	6348113.00	5770016.00	32613739.00	611	3086.00	17310150793.00	611	195186.00	611	790072	176111.00	611	671.00	4548.00	19564	13232411.00	61621864.00	3496.00	193005147.00	882.00	190097.00	611	25547	16021614.00	241.00	4218.00	611	189956.00	120.00	741.00	611	611	176451.00	15113651.00	43767511.00	15005826.00	6212679.00	611	181190.00	611	1298147888.00	5782115.00	4277	55324.00	165745.00	290.00	3266.00	611	6352.00	132623470.00	13685.00	456357.00	728028491.00	2044.00	563995.00	167153.00	120.00	611	25368.00	19552	221.00	1177068.00	3747.00	18836.00	611	3747.00	1146983.00	611	20531627706.00	3847.00	12419034.00	683035.00	165761.00	611	1955379.00	3456.00	2128773.00	87083.00	751.00	690988.00	4277	100.00	25547	231851995.00	1312.00	2366531.00	90.00	14007001.00	802.00	19034641.00	611	31899153.00	611	653541	25547	541.00	2745.00	2199878.00	810591.00	823846.00	6172.00	
Total time: 5088.79 ms
------------------------------ End MMTk Statistics -----------------------------
===== DaCapo evaluation-git-f480064 sunflow PASSED in 5089 msec =====

-----
mkdir -p PLOTTY_WORKAROUND; timedrun; MMTK_PLAN=GenImmix MMTK_MAX_NURSERY=33554432 MMTK_MIN_NURSERY=33554432 /home/claireh/running-ng/builds/build_no_barrier/linux-x86_64-normal-server-release/jdk/bin/java -XX:MetaspaceSize=500M -XX:+DisableExplicitGC -server -XX:-TieredCompilation -Xcomp -XX:+UseThirdPartyHeap -Djava.library.path=/home/claireh/probes -Dprobes=RustMMTk -Xms204M -Xmx204M -cp /usr/share/benchmarks/dacapo/dacapo-evaluation-git-f480064.jar:/home/claireh/probes:/home/claireh/probes/probes.jar Harness -c probe.DacapoChopinCallback -n 5 -s default sunflow
Sat  5 Feb 22:25:13 AEDT 2022

 22:25:13 up 9 days,  4:42,  2 users,  load average: 14.89, 5.77, 2.21
USER     TTY      FROM             LOGIN@   IDLE   JCPU   PCPU WHAT
claireh  pts/5    tmux(20119).%0   28Jan22  2:47   0.55s  0.00s /bin/sh -c w
claireh  pts/6    tmux(20119).%1   Mon12    5days  0.00s  0.00s -bash

procs -----------memory---------- ---swap-- -----io---- -system-- ------cpu-----
 r  b   swpd   free   buff  cache   si   so    bi    bo   in   cs us sy id wa st
 0  0      0 2570104 1780388 60983056    0    0     1    15    1    1  9  0 91  0  0
 0  0      0 2569884 1780388 60983056    0    0     0     0  206   28  0  0 100  0  0

top - 22:25:14 up 9 days,  4:42,  2 users,  load average: 14.89, 5.77, 2.21
Tasks: 358 total,   1 running, 191 sleeping,   0 stopped,   0 zombie
%Cpu(s):  8.8 us,  0.3 sy,  0.0 ni, 90.9 id,  0.0 wa,  0.0 hi,  0.0 si,  0.0 st
KiB Mem : 65833340 total,  2568512 free,   501384 used, 62763444 buff/cache
KiB Swap: 67108860 total, 67108860 free,        0 used. 64566336 avail Mem 

  PID USER      PR  NI    VIRT    RES    SHR S  %CPU %MEM     TIME+ COMMAND
20405 claireh   20   0   41944   3988   3268 R   6.7  0.0   0:00.01 top -bcn 1 -w512
    1 root      20   0  225288   8772   6476 S   0.0  0.0   0:07.69 /sbin/init
    2 root      20   0       0      0      0 S   0.0  0.0   0:00.03 [kthreadd]
    3 root       0 -20       0      0      0 I   0.0  0.0   0:00.00 [rcu_gp]
    4 root       0 -20       0      0      0 I   0.0  0.0   0:00.00 [rcu_par_gp]

Environment variables: 
	BROWSER=/home/claireh/.vscode-server/bin/899d46d82c4c95423fb7e10e68eba52050e30ba3/bin/helpers/browser.sh
	COLORTERM=truecolor
	DBUS_SESSION_BUS_ADDRESS=unix:path=/run/user/1239/bus
	GIT_ASKPASS=/home/claireh/.vscode-server/bin/899d46d82c4c95423fb7e10e68eba52050e30ba3/extensions/git/dist/askpass.sh
	HOME=/home/claireh
	LANG=en_AU.UTF-8
	LANGUAGE=en_AU:en
	LOGNAME=claireh
	MAIL=/var/mail/claireh
	OLDPWD=/home/claireh
	PATH=/home/claireh/.vscode-server/bin/899d46d82c4c95423fb7e10e68eba52050e30ba3/bin:/home/claireh/.vscode-server/bin/899d46d82c4c95423fb7e10e68eba52050e30ba3/bin:/opt/apache-ant-1.9.16/bin:/usr/local/sbin:/usr/local/bin:/usr/sbin:/usr/bin:/sbin:/bin:/usr/games:/usr/local/games:/snap/bin:/home/claireh/.local/bin:/home/claireh/.dotnet/tools:/home/claireh/.local/bin:/home/claireh/.local/bin:/home/claireh/.dotnet/tools:/home/claireh/.local/bin
	PWD=/home/claireh/running-ng
	SHELL=/bin/bash
	SHLVL=6
	SSH_CLIENT=10.0.0.2 50468 22
	SSH_CONNECTION=10.0.0.2 50468 10.0.0.81 22
	SSH_ORIGINAL_COMMAND=bash
	TERM=screen
	TERM_PROGRAM=vscode
	TERM_PROGRAM_VERSION=1.63.2
	TMUX=/tmp/tmux-1239/default,20119,0
	TMUX_PANE=%0
	USER=claireh
	VSCODE_GIT_ASKPASS_EXTRA_ARGS=
	VSCODE_GIT_ASKPASS_MAIN=/home/claireh/.vscode-server/bin/899d46d82c4c95423fb7e10e68eba52050e30ba3/extensions/git/dist/askpass-main.js
	VSCODE_GIT_ASKPASS_NODE=/home/claireh/.vscode-server/bin/899d46d82c4c95423fb7e10e68eba52050e30ba3/node
	VSCODE_GIT_IPC_HANDLE=/run/user/1239/vscode-git-6cb050cc96.sock
	VSCODE_IPC_HOOK_CLI=/run/user/1239/vscode-ipc-ebe11f83-3a12-477e-8740-3c9928772905.sock
	XDG_RUNTIME_DIR=/run/user/1239
	XDG_SESSION_ID=278
	_=/home/claireh/.local/bin/running
OS: Linux boar 5.4.0-96-generic #109~18.04.1-Ubuntu SMP Thu Jan 13 15:06:26 UTC 2022 x86_64 x86_64 x86_64 GNU/Linux
CPU: model name	: AMD Ryzen 9 5950X 16-Core Processor
number of cores: 32
Frequency of cpu 0: 3.39 GHz
Governor of cpu 0: performance
Scaling_min_freq of cpu 0: 2.20 GHz
Frequency of cpu 1: 3.39 GHz
Governor of cpu 1: performance
Scaling_min_freq of cpu 1: 2.20 GHz
Frequency of cpu 2: 3.39 GHz
Governor of cpu 2: performance
Scaling_min_freq of cpu 2: 2.20 GHz
Frequency of cpu 3: 3.39 GHz
Governor of cpu 3: performance
Scaling_min_freq of cpu 3: 2.20 GHz
Frequency of cpu 4: 3.39 GHz
Governor of cpu 4: performance
Scaling_min_freq of cpu 4: 2.20 GHz
Frequency of cpu 5: 3.39 GHz
Governor of cpu 5: performance
Scaling_min_freq of cpu 5: 2.20 GHz
Frequency of cpu 6: 3.39 GHz
Governor of cpu 6: performance
Scaling_min_freq of cpu 6: 2.20 GHz
Frequency of cpu 7: 3.39 GHz
Governor of cpu 7: performance
Scaling_min_freq of cpu 7: 2.20 GHz
Frequency of cpu 8: 3.39 GHz
Governor of cpu 8: performance
Scaling_min_freq of cpu 8: 2.20 GHz
Frequency of cpu 9: 3.39 GHz
Governor of cpu 9: performance
Scaling_min_freq of cpu 9: 2.20 GHz
Frequency of cpu 10: 3.39 GHz
Governor of cpu 10: performance
Scaling_min_freq of cpu 10: 2.20 GHz
Frequency of cpu 11: 3.39 GHz
Governor of cpu 11: performance
Scaling_min_freq of cpu 11: 2.20 GHz
Frequency of cpu 12: 3.39 GHz
Governor of cpu 12: performance
Scaling_min_freq of cpu 12: 2.20 GHz
Frequency of cpu 13: 3.39 GHz
Governor of cpu 13: performance
Scaling_min_freq of cpu 13: 2.20 GHz
Frequency of cpu 14: 3.39 GHz
Governor of cpu 14: performance
Scaling_min_freq of cpu 14: 2.20 GHz
Frequency of cpu 15: 3.39 GHz
Governor of cpu 15: performance
Scaling_min_freq of cpu 15: 2.20 GHz
Frequency of cpu 16: 3.39 GHz
Governor of cpu 16: performance
Scaling_min_freq of cpu 16: 2.20 GHz
Frequency of cpu 17: 3.39 GHz
Governor of cpu 17: performance
Scaling_min_freq of cpu 17: 2.20 GHz
Frequency of cpu 18: 3.39 GHz
Governor of cpu 18: performance
Scaling_min_freq of cpu 18: 2.20 GHz
Frequency of cpu 19: 3.39 GHz
Governor of cpu 19: performance
Scaling_min_freq of cpu 19: 2.20 GHz
Frequency of cpu 20: 3.39 GHz
Governor of cpu 20: performance
Scaling_min_freq of cpu 20: 2.20 GHz
Frequency of cpu 21: 3.39 GHz
Governor of cpu 21: performance
Scaling_min_freq of cpu 21: 2.20 GHz
Frequency of cpu 22: 3.39 GHz
Governor of cpu 22: performance
Scaling_min_freq of cpu 22: 2.20 GHz
Frequency of cpu 23: 3.39 GHz
Governor of cpu 23: performance
Scaling_min_freq of cpu 23: 2.20 GHz
Frequency of cpu 24: 3.39 GHz
Governor of cpu 24: performance
Scaling_min_freq of cpu 24: 2.20 GHz
Frequency of cpu 25: 3.39 GHz
Governor of cpu 25: performance
Scaling_min_freq of cpu 25: 2.20 GHz
Frequency of cpu 26: 3.39 GHz
Governor of cpu 26: performance
Scaling_min_freq of cpu 26: 2.20 GHz
Frequency of cpu 27: 3.39 GHz
Governor of cpu 27: performance
Scaling_min_freq of cpu 27: 2.20 GHz
Frequency of cpu 28: 3.39 GHz
Governor of cpu 28: performance
Scaling_min_freq of cpu 28: 2.20 GHz
Frequency of cpu 29: 3.39 GHz
Governor of cpu 29: performance
Scaling_min_freq of cpu 29: 2.20 GHz
Frequency of cpu 30: 3.39 GHz
Governor of cpu 30: performance
Scaling_min_freq of cpu 30: 2.20 GHz
Frequency of cpu 31: 3.39 GHz
Governor of cpu 31: performance
Scaling_min_freq of cpu 31: 2.20 GHz
--------------------------------------------------------------------------------
IMPORTANT NOTICE:  This is NOT a release build of the DaCapo suite.
Since it is not an official release of the DaCapo suite, care must be taken when
using the suite, and any use of the build must be sure to note that it is not an
offical release, and should note the relevant git hash.

Feedback is greatly appreciated.   The preferred mode of feedback is via github.
Please use our github page to create an issue or a pull request.
    https://github.com/dacapobench/dacapobench.
--------------------------------------------------------------------------------

Using scaled threading model. 32 processors detected, 32 threads used to drive the workload, in a possible range of [1,1024]
===== DaCapo evaluation-git-f480064 sunflow starting warmup 1 =====
===== DaCapo evaluation-git-f480064 sunflow completed warmup 1 in 7199 msec =====
===== DaCapo evaluation-git-f480064 sunflow starting warmup 2 =====
===== DaCapo evaluation-git-f480064 sunflow completed warmup 2 in 5207 msec =====
===== DaCapo evaluation-git-f480064 sunflow starting warmup 3 =====
===== DaCapo evaluation-git-f480064 sunflow completed warmup 3 in 5010 msec =====
===== DaCapo evaluation-git-f480064 sunflow starting warmup 4 =====
===== DaCapo evaluation-git-f480064 sunflow completed warmup 4 in 4913 msec =====
===== DaCapo evaluation-git-f480064 sunflow starting =====
============================ MMTk Statistics Totals ============================
GC	time.other	time.stw	work.ScanJNIHandlesRoots.count	work.PrepareMutator.time.min	work.PrepareBlockState.count	work.ScanVMSpecificRoots.time.max	total-work.time.max	work.ScanAOTLoaderRoots.time.min	work.ScanSystemDictionaryRoots.time.total	work.ScanStackRoot.count	work.ScanVMThreadRoots.time.min	work.ScheduleCollection.time.max	work.PrepareBlockState.time.min	work.PrepareMutator.count	work.ScanClassLoaderDataGraphRoots.time.total	work.ScanWeakProcessorRoots.time.total	work.GenImmixMatureProcessEdges.time.total	work.ScanManagementRoots.time.min	work.EndOfGC.time.max	work.ProcessWeakRefs.time.min	work.ScanCodeCacheRoots.time.max	work.ScanCodeCacheRoots.count	work.ScanObjectSynchronizerRoots.count	work.PrepareCollector.time.max	work.ScanVMThreadRoots.count	work.StopMutators.count	work.SweepChunk.time.total	work.ScanStringTableRoots.time.max	work.ScanSystemDictionaryRoots.time.min	work.ScanManagementRoots.count	work.Finalization.count	work.ReleaseCollector.time.min	work.ReleaseMutator.count	work.ScanWeakProcessorRoots.time.min	work.SweepChunk.time.max	work.EndOfGC.count	work.ReleaseCollector.count	work.ReleaseMutator.time.total	work.PrepareBlockState.time.total	work.StopMutators.time.min	work.ScanJvmtiExportRoots.time.total	work.GenImmixMatureProcessEdges.time.max	work.ProcessWeakRefs.count	work.ScanSystemDictionaryRoots.time.max	work.ScanVMThreadRoots.time.total	work.ScanStackRoot.time.total	work.ScanWeakProcessorRoots.count	work.ScanManagementRoots.time.max	work.SweepChunk.count	total-work.count	work.ScanCodeCacheRoots.time.total	work.StopMutators.time.max	work.Release.time.max	work.ScanStackRoot.time.min	work.Finalization.time.total	work.ScanWeakProcessorRoots.time.max	work.ScanJvmtiExportRoots.count	work.ScanUniverseRoots.count	work.ScheduleCollection.count	work.ScanObjectSynchronizerRoots.time.total	work.ScanAOTLoaderRoots.time.max	work.ScanClassLoaderDataGraphRoots.time.max	work.Release.time.total	work.ScanAOTLoaderRoots.time.total	work.Prepare.time.total	work.Prepare.time.max	work.ScheduleCollection.time.total	work.PrepareMutator.time.total	work.ScanObjectSynchronizerRoots.time.max	work.ScanStringTableRoots.time.min	work.ReleaseMutator.time.min	work.GenImmixMatureProcessEdges.count	work.EndOfGC.time.total	work.ScanObjectSynchronizerRoots.time.min	work.ScanVMThreadRoots.time.max	work.PrepareCollector.time.min	work.PrepareBlockState.time.max	work.ScanClassLoaderDataGraphRoots.time.min	total-work.time.total	total-work.time.min	work.ScanVMSpecificRoots.time.total	work.Finalization.time.max	work.ScanJvmtiExportRoots.time.min	work.Release.count	work.ScanClassLoaderDataGraphRoots.count	work.ReleaseMutator.time.max	work.ScanVMSpecificRoots.count	work.Finalization.time.min	work.ScanStringTableRoots.count	work.ScanUniverseRoots.time.max	work.ScanCodeCacheRoots.time.min	work.PrepareMutator.time.max	work.Prepare.time.min	work.ScanUniverseRoots.time.total	work.ReleaseCollector.time.total	work.PrepareCollector.count	work.SweepChunk.time.min	work.ReleaseCollector.time.max	work.ScanManagementRoots.time.total	work.PrepareCollector.time.total	work.ScanUniverseRoots.time.min	work.ScanAOTLoaderRoots.count	work.Prepare.count	work.ProcessWeakRefs.time.max	work.ScanJNIHandlesRoots.time.total	work.ScanJvmtiExportRoots.time.max	work.ScheduleCollection.time.min	work.ScanStackRoot.time.max	work.ScanJNIHandlesRoots.time.max	work.GenImmixMatureProcessEdges.time.min	work.ScanJNIHandlesRoots.time.min	work.ScanStringTableRoots.time.total	work.ScanSystemDictionaryRoots.count	work.ScanVMSpecificRoots.time.min	work.StopMutators.time.total	work.ProcessWeakRefs.time.total	work.EndOfGC.time.min	work.Release.time.min	
611	2468.57	2609.68	611	80.00	4277	211747.00	2512244.00	260.00	17983070.00	25554	791.00	67888.00	4628.00	25554	43833491.00	19657657.00	16876409121.00	712.00	1234447.00	90.00	2512244.00	611	611	5550.00	611	611	138472977.00	253726.00	2364.00	611	611	100.00	25554	4368.00	98865.00	611	19555	8944711.00	41108574.00	127779.00	686310.00	1191385.00	611	181581.00	13196048.00	718517103.00	611	166863.00	4277	787792	1340706723.00	2206871.00	438764.00	541.00	2158119.00	202440.00	611	611	611	595429.00	3496.00	248326.00	189276694.00	669903.00	228014991.00	560041.00	12401156.00	6095277.00	3968.00	25518.00	91.00	651249	20385738.00	270.00	189596.00	110.00	18384.00	16531.00	20123316969.00	80.00	28336014.00	7744.00	291.00	611	611	8937.00	611	2134.00	611	183725.00	1958926.00	4468.00	292879.00	15123746.00	5418793.00	19552	2475.00	1753.00	14889194.00	6285003.00	751.00	611	611	2605.00	16853869.00	3367.00	9207.00	2174581.00	245120.00	80.00	541.00	61721163.00	611	731.00	295420197.00	155898.00	13476.00	206728.00	
Total time: 5078.25 ms
------------------------------ End MMTk Statistics -----------------------------
===== DaCapo evaluation-git-f480064 sunflow PASSED in 5078 msec =====

-----
mkdir -p PLOTTY_WORKAROUND; timedrun; MMTK_PLAN=GenImmix MMTK_MAX_NURSERY=33554432 MMTK_MIN_NURSERY=33554432 /home/claireh/running-ng/builds/build_no_barrier/linux-x86_64-normal-server-release/jdk/bin/java -XX:MetaspaceSize=500M -XX:+DisableExplicitGC -server -XX:-TieredCompilation -Xcomp -XX:+UseThirdPartyHeap -Djava.library.path=/home/claireh/probes -Dprobes=RustMMTk -Xms204M -Xmx204M -cp /usr/share/benchmarks/dacapo/dacapo-evaluation-git-f480064.jar:/home/claireh/probes:/home/claireh/probes/probes.jar Harness -c probe.DacapoChopinCallback -n 5 -s default sunflow
Sat  5 Feb 22:26:34 AEDT 2022

 22:26:34 up 9 days,  4:44,  2 users,  load average: 10.98, 6.60, 2.79
USER     TTY      FROM             LOGIN@   IDLE   JCPU   PCPU WHAT
claireh  pts/5    tmux(20119).%0   28Jan22  4:08   0.64s  0.00s w
claireh  pts/6    tmux(20119).%1   Mon12    5days  0.00s  0.00s -bash

procs -----------memory---------- ---swap-- -----io---- -system-- ------cpu-----
 r  b   swpd   free   buff  cache   si   so    bi    bo   in   cs us sy id wa st
 0  0      0 2575692 1780432 60983096    0    0     1    15    1    0  9  0 91  0  0
 0  0      0 2575756 1780432 60983096    0    0     0     0  244   33  0  0 100  0  0

top - 22:26:35 up 9 days,  4:44,  2 users,  load average: 10.10, 6.49, 2.78
Tasks: 358 total,   1 running, 191 sleeping,   0 stopped,   0 zombie
%Cpu(s):  8.8 us,  0.3 sy,  0.0 ni, 90.9 id,  0.0 wa,  0.0 hi,  0.0 si,  0.0 st
KiB Mem : 65833340 total,  2574908 free,   494936 used, 62763496 buff/cache
KiB Swap: 67108860 total, 67108860 free,        0 used. 64572780 avail Mem 

  PID USER      PR  NI    VIRT    RES    SHR S  %CPU %MEM     TIME+ COMMAND
21585 claireh   20   0   41944   3940   3216 R   6.2  0.0   0:00.01 top -bcn 1 -w512
    1 root      20   0  225288   8772   6476 S   0.0  0.0   0:07.70 /sbin/init
    2 root      20   0       0      0      0 S   0.0  0.0   0:00.03 [kthreadd]
    3 root       0 -20       0      0      0 I   0.0  0.0   0:00.00 [rcu_gp]
    4 root       0 -20       0      0      0 I   0.0  0.0   0:00.00 [rcu_par_gp]

Environment variables: 
	BROWSER=/home/claireh/.vscode-server/bin/899d46d82c4c95423fb7e10e68eba52050e30ba3/bin/helpers/browser.sh
	COLORTERM=truecolor
	DBUS_SESSION_BUS_ADDRESS=unix:path=/run/user/1239/bus
	GIT_ASKPASS=/home/claireh/.vscode-server/bin/899d46d82c4c95423fb7e10e68eba52050e30ba3/extensions/git/dist/askpass.sh
	HOME=/home/claireh
	LANG=en_AU.UTF-8
	LANGUAGE=en_AU:en
	LOGNAME=claireh
	MAIL=/var/mail/claireh
	OLDPWD=/home/claireh
	PATH=/home/claireh/.vscode-server/bin/899d46d82c4c95423fb7e10e68eba52050e30ba3/bin:/home/claireh/.vscode-server/bin/899d46d82c4c95423fb7e10e68eba52050e30ba3/bin:/opt/apache-ant-1.9.16/bin:/usr/local/sbin:/usr/local/bin:/usr/sbin:/usr/bin:/sbin:/bin:/usr/games:/usr/local/games:/snap/bin:/home/claireh/.local/bin:/home/claireh/.dotnet/tools:/home/claireh/.local/bin:/home/claireh/.local/bin:/home/claireh/.dotnet/tools:/home/claireh/.local/bin
	PWD=/home/claireh/running-ng
	SHELL=/bin/bash
	SHLVL=6
	SSH_CLIENT=10.0.0.2 50468 22
	SSH_CONNECTION=10.0.0.2 50468 10.0.0.81 22
	SSH_ORIGINAL_COMMAND=bash
	TERM=screen
	TERM_PROGRAM=vscode
	TERM_PROGRAM_VERSION=1.63.2
	TMUX=/tmp/tmux-1239/default,20119,0
	TMUX_PANE=%0
	USER=claireh
	VSCODE_GIT_ASKPASS_EXTRA_ARGS=
	VSCODE_GIT_ASKPASS_MAIN=/home/claireh/.vscode-server/bin/899d46d82c4c95423fb7e10e68eba52050e30ba3/extensions/git/dist/askpass-main.js
	VSCODE_GIT_ASKPASS_NODE=/home/claireh/.vscode-server/bin/899d46d82c4c95423fb7e10e68eba52050e30ba3/node
	VSCODE_GIT_IPC_HANDLE=/run/user/1239/vscode-git-6cb050cc96.sock
	VSCODE_IPC_HOOK_CLI=/run/user/1239/vscode-ipc-ebe11f83-3a12-477e-8740-3c9928772905.sock
	XDG_RUNTIME_DIR=/run/user/1239
	XDG_SESSION_ID=278
	_=/home/claireh/.local/bin/running
OS: Linux boar 5.4.0-96-generic #109~18.04.1-Ubuntu SMP Thu Jan 13 15:06:26 UTC 2022 x86_64 x86_64 x86_64 GNU/Linux
CPU: model name	: AMD Ryzen 9 5950X 16-Core Processor
number of cores: 32
Frequency of cpu 0: 3.39 GHz
Governor of cpu 0: performance
Scaling_min_freq of cpu 0: 2.20 GHz
Frequency of cpu 1: 3.39 GHz
Governor of cpu 1: performance
Scaling_min_freq of cpu 1: 2.20 GHz
Frequency of cpu 2: 3.39 GHz
Governor of cpu 2: performance
Scaling_min_freq of cpu 2: 2.20 GHz
Frequency of cpu 3: 3.39 GHz
Governor of cpu 3: performance
Scaling_min_freq of cpu 3: 2.20 GHz
Frequency of cpu 4: 3.39 GHz
Governor of cpu 4: performance
Scaling_min_freq of cpu 4: 2.20 GHz
Frequency of cpu 5: 3.39 GHz
Governor of cpu 5: performance
Scaling_min_freq of cpu 5: 2.20 GHz
Frequency of cpu 6: 3.39 GHz
Governor of cpu 6: performance
Scaling_min_freq of cpu 6: 2.20 GHz
Frequency of cpu 7: 3.39 GHz
Governor of cpu 7: performance
Scaling_min_freq of cpu 7: 2.20 GHz
Frequency of cpu 8: 3.39 GHz
Governor of cpu 8: performance
Scaling_min_freq of cpu 8: 2.20 GHz
Frequency of cpu 9: 3.39 GHz
Governor of cpu 9: performance
Scaling_min_freq of cpu 9: 2.20 GHz
Frequency of cpu 10: 3.39 GHz
Governor of cpu 10: performance
Scaling_min_freq of cpu 10: 2.20 GHz
Frequency of cpu 11: 3.39 GHz
Governor of cpu 11: performance
Scaling_min_freq of cpu 11: 2.20 GHz
Frequency of cpu 12: 3.39 GHz
Governor of cpu 12: performance
Scaling_min_freq of cpu 12: 2.20 GHz
Frequency of cpu 13: 3.39 GHz
Governor of cpu 13: performance
Scaling_min_freq of cpu 13: 2.20 GHz
Frequency of cpu 14: 3.39 GHz
Governor of cpu 14: performance
Scaling_min_freq of cpu 14: 2.20 GHz
Frequency of cpu 15: 3.39 GHz
Governor of cpu 15: performance
Scaling_min_freq of cpu 15: 2.20 GHz
Frequency of cpu 16: 3.39 GHz
Governor of cpu 16: performance
Scaling_min_freq of cpu 16: 2.20 GHz
Frequency of cpu 17: 3.39 GHz
Governor of cpu 17: performance
Scaling_min_freq of cpu 17: 2.20 GHz
Frequency of cpu 18: 3.39 GHz
Governor of cpu 18: performance
Scaling_min_freq of cpu 18: 2.20 GHz
Frequency of cpu 19: 3.39 GHz
Governor of cpu 19: performance
Scaling_min_freq of cpu 19: 2.20 GHz
Frequency of cpu 20: 3.39 GHz
Governor of cpu 20: performance
Scaling_min_freq of cpu 20: 2.20 GHz
Frequency of cpu 21: 3.39 GHz
Governor of cpu 21: performance
Scaling_min_freq of cpu 21: 2.20 GHz
Frequency of cpu 22: 3.39 GHz
Governor of cpu 22: performance
Scaling_min_freq of cpu 22: 2.20 GHz
Frequency of cpu 23: 3.39 GHz
Governor of cpu 23: performance
Scaling_min_freq of cpu 23: 2.20 GHz
Frequency of cpu 24: 3.39 GHz
Governor of cpu 24: performance
Scaling_min_freq of cpu 24: 2.20 GHz
Frequency of cpu 25: 3.39 GHz
Governor of cpu 25: performance
Scaling_min_freq of cpu 25: 2.20 GHz
Frequency of cpu 26: 3.39 GHz
Governor of cpu 26: performance
Scaling_min_freq of cpu 26: 2.20 GHz
Frequency of cpu 27: 3.39 GHz
Governor of cpu 27: performance
Scaling_min_freq of cpu 27: 2.20 GHz
Frequency of cpu 28: 3.39 GHz
Governor of cpu 28: performance
Scaling_min_freq of cpu 28: 2.20 GHz
Frequency of cpu 29: 3.39 GHz
Governor of cpu 29: performance
Scaling_min_freq of cpu 29: 2.20 GHz
Frequency of cpu 30: 3.39 GHz
Governor of cpu 30: performance
Scaling_min_freq of cpu 30: 2.20 GHz
Frequency of cpu 31: 3.39 GHz
Governor of cpu 31: performance
Scaling_min_freq of cpu 31: 2.20 GHz
