
-----
mkdir -p PLOTTY_WORKAROUND; timedrun; MMTK_PLAN=Immix /home/claireh/mmtk-openjdk/repos/openjdk/build/linux-x86_64-normal-server-release/jdk/bin/java -XX:MetaspaceSize=500M -XX:+DisableExplicitGC -server -XX:-TieredCompilation -Xcomp -XX:+UseThirdPartyHeap -Djava.library.path=/home/claireh/probes -Dprobes=RustMMTk -Xms5M -Xmx5M -cp /usr/share/benchmarks/dacapo/dacapo-evaluation-git-29a657f.jar:/home/claireh/probes:/home/claireh/probes/probes.jar Harness -c probe.DacapoChopinCallback -n 5 -s default avrora
Thu  6 Jan 16:45:05 AEDT 2022

 16:45:05 up 21 days,  6:09,  3 users,  load average: 0.00, 0.00, 0.00
USER     TTY      FROM             LOGIN@   IDLE   JCPU   PCPU WHAT
claireh  pts/0    10.0.0.2         16:39    1.00s  0.03s  0.00s tmux
claireh  pts/1    tmux(28134).%0   Wed17    5:02m  0.15s  2.47s tmux
claireh  pts/2    tmux(28134).%1   16:40    1.00s  0.26s  0.00s /bin/sh -c w

procs -----------memory---------- ---swap-- -----io---- -system-- ------cpu-----
 r  b   swpd   free   buff  cache   si   so    bi    bo   in   cs us sy id wa st
 0  0   1548 298812 5342148 10362388    0    0     2     3    0    3  0  0 100  0  0
 0  0   1548 298820 5342148 10362388    0    0     0     0  146   52  0  0 100  0  0

top - 16:45:06 up 21 days,  6:09,  3 users,  load average: 0.00, 0.00, 0.00
Tasks: 152 total,   1 running,  85 sleeping,   0 stopped,   1 zombie
%Cpu(s):  0.1 us,  0.0 sy,  0.0 ni, 99.8 id,  0.0 wa,  0.0 hi,  0.0 si,  0.0 st
KiB Mem : 16280872 total,   299348 free,   276824 used, 15704700 buff/cache
KiB Swap: 33554428 total, 33552880 free,     1548 used. 15497880 avail Mem 

  PID USER      PR  NI    VIRT    RES    SHR S  %CPU %MEM     TIME+ COMMAND
    1 root      20   0  225156   8824   6644 S   0.0  0.1   0:33.63 /sbin/init
    2 root      20   0       0      0      0 S   0.0  0.0   0:00.13 [kthreadd]
    3 root       0 -20       0      0      0 I   0.0  0.0   0:00.00 [rcu_gp]
    4 root       0 -20       0      0      0 I   0.0  0.0   0:00.00 [rcu_par_gp]
    6 root       0 -20       0      0      0 I   0.0  0.0   0:00.00 [kworker/0:0H-kb]

Environment variables: 
	DBUS_SESSION_BUS_ADDRESS=unix:path=/run/user/1239/bus
	HOME=/home/claireh
	LANG=en_AU.UTF-8
	LANGUAGE=en_AU:en
	LOGNAME=claireh
	MAIL=/var/mail/claireh
	OLDPWD=/home/claireh/running-ng/results
	PATH=/opt/apache-ant-1.9.16/bin:/usr/local/sbin:/usr/local/bin:/usr/sbin:/usr/bin:/sbin:/bin:/usr/games:/usr/local/games:/snap/bin:/home/claireh/.local/bin:/home/claireh/.dotnet/tools:/home/claireh/.local/bin:/home/claireh/.dotnet/tools:/home/claireh/.local/bin
	PWD=/home/claireh/running-ng/results/immix-semispace
	SHELL=/bin/bash
	SHLVL=3
	SSH_CLIENT=10.0.0.70 50104 22
	SSH_CONNECTION=10.0.0.2 59212 10.0.0.50 22
	SSH_TTY=/dev/pts/0
	TERM=screen
	TMUX=/tmp/tmux-1239/default,28134,1
	TMUX_PANE=%1
	USER=claireh
	XDG_RUNTIME_DIR=/run/user/1239
	XDG_SESSION_ID=6334
	_=/home/claireh/.local/bin/running
OS: Linux fisher 5.4.0-91-generic #102~18.04.1-Ubuntu SMP Thu Nov 11 14:46:36 UTC 2021 x86_64 x86_64 x86_64 GNU/Linux
CPU: model name	: Intel(R) Core(TM) i7-6700K CPU @ 4.00GHz
number of cores: 8
Frequency of cpu 0: 4.00 GHz
Governor of cpu 0: performance
Scaling_min_freq of cpu 0: 0.80 GHz
Frequency of cpu 1: 4.00 GHz
Governor of cpu 1: performance
Scaling_min_freq of cpu 1: 0.80 GHz
Frequency of cpu 2: 4.00 GHz
Governor of cpu 2: performance
Scaling_min_freq of cpu 2: 0.80 GHz
Frequency of cpu 3: 4.00 GHz
Governor of cpu 3: performance
Scaling_min_freq of cpu 3: 0.80 GHz
Frequency of cpu 4: 4.00 GHz
Governor of cpu 4: performance
Scaling_min_freq of cpu 4: 0.80 GHz
Frequency of cpu 5: 4.00 GHz
Governor of cpu 5: performance
Scaling_min_freq of cpu 5: 0.80 GHz
Frequency of cpu 6: 4.00 GHz
Governor of cpu 6: performance
Scaling_min_freq of cpu 6: 0.80 GHz
Frequency of cpu 7: 4.00 GHz
Governor of cpu 7: performance
Scaling_min_freq of cpu 7: 0.80 GHz
